Symlinking /home/robot03/robot03/devel/share/common-lisp/ros/custom_msgs/msg/custom_msgs-msg.asd
Symlinking /home/robot03/robot03/devel/share/common-lisp/ros/custom_msgs/msg/motor_pwm.lisp
Symlinking /home/robot03/robot03/devel/share/common-lisp/ros/custom_msgs/msg/_package_motor_pwm.lisp
Symlinking /home/robot03/robot03/devel/share/common-lisp/ros/custom_msgs/msg/_package.lisp
Symlinking /home/robot03/robot03/devel/share/custom_msgs/cmake/custom_msgsConfig-version.cmake
Symlinking /home/robot03/robot03/devel/share/custom_msgs/cmake/custom_msgsConfig.cmake
Symlinking /home/robot03/robot03/devel/share/custom_msgs/cmake/custom_msgs-msg-extras.cmake
Symlinking /home/robot03/robot03/devel/share/custom_msgs/cmake/custom_msgs-msg-paths.cmake
Symlinking /home/robot03/robot03/devel/share/gennodejs/ros/custom_msgs/_index.js
Symlinking /home/robot03/robot03/devel/share/gennodejs/ros/custom_msgs/msg/motor_pwm.js
Symlinking /home/robot03/robot03/devel/share/gennodejs/ros/custom_msgs/msg/_index.js
Symlinking /home/robot03/robot03/devel/share/roseus/ros/custom_msgs/manifest.l
Symlinking /home/robot03/robot03/devel/share/roseus/ros/custom_msgs/msg/motor_pwm.l
Symlinking /home/robot03/robot03/devel/include/custom_msgs/motor_pwm.h
Symlinking /home/robot03/robot03/devel/lib/pkgconfig/custom_msgs.pc
Symlinking /home/robot03/robot03/devel/lib/python2.7/dist-packages/custom_msgs/__init__.py
Symlinking /home/robot03/robot03/devel/lib/python2.7/dist-packages/custom_msgs/msg/_motor_pwm.py
Symlinking /home/robot03/robot03/devel/lib/python2.7/dist-packages/custom_msgs/msg/__init__.py
Cleaning: (/home/kento/robot03/devel/.private/custom_msgs/cmake.lock, /home/kento/robot03/devel/./cmake.lock)
Cleaning: (/home/kento/robot03/devel/.private/custom_msgs/share/gennodejs/ros/custom_msgs/_index.js, /home/kento/robot03/devel/share/gennodejs/ros/custom_msgs/_index.js)
Cleaning: (/home/kento/robot03/devel/.private/custom_msgs/share/gennodejs/ros/custom_msgs/msg/_index.js, /home/kento/robot03/devel/share/gennodejs/ros/custom_msgs/msg/_index.js)
Cleaning: (/home/kento/robot03/devel/.private/custom_msgs/share/gennodejs/ros/custom_msgs/msg/Motor_Pwm.js, /home/kento/robot03/devel/share/gennodejs/ros/custom_msgs/msg/Motor_Pwm.js)
Cleaning: (/home/kento/robot03/devel/.private/custom_msgs/share/gennodejs/ros/custom_msgs/msg/motor_pwm.js, /home/kento/robot03/devel/share/gennodejs/ros/custom_msgs/msg/motor_pwm.js)
Cleaning: (/home/kento/robot03/devel/.private/custom_msgs/share/common-lisp/ros/custom_msgs/msg/motor_pwm.lisp, /home/kento/robot03/devel/share/common-lisp/ros/custom_msgs/msg/motor_pwm.lisp)
Cleaning: (/home/kento/robot03/devel/.private/custom_msgs/share/common-lisp/ros/custom_msgs/msg/_package_motor_pwm.lisp, /home/kento/robot03/devel/share/common-lisp/ros/custom_msgs/msg/_package_motor_pwm.lisp)
Cleaning: (/home/kento/robot03/devel/.private/custom_msgs/share/common-lisp/ros/custom_msgs/msg/_package_Motor_Pwm.lisp, /home/kento/robot03/devel/share/common-lisp/ros/custom_msgs/msg/_package_Motor_Pwm.lisp)
Cleaning: (/home/kento/robot03/devel/.private/custom_msgs/share/common-lisp/ros/custom_msgs/msg/custom_msgs-msg.asd, /home/kento/robot03/devel/share/common-lisp/ros/custom_msgs/msg/custom_msgs-msg.asd)
Cleaning: (/home/kento/robot03/devel/.private/custom_msgs/share/common-lisp/ros/custom_msgs/msg/Motor_Pwm.lisp, /home/kento/robot03/devel/share/common-lisp/ros/custom_msgs/msg/Motor_Pwm.lisp)
Cleaning: (/home/kento/robot03/devel/.private/custom_msgs/share/common-lisp/ros/custom_msgs/msg/_package.lisp, /home/kento/robot03/devel/share/common-lisp/ros/custom_msgs/msg/_package.lisp)
Cleaning: (/home/kento/robot03/devel/.private/custom_msgs/share/roseus/ros/custom_msgs/manifest.l, /home/kento/robot03/devel/share/roseus/ros/custom_msgs/manifest.l)
Cleaning: (/home/kento/robot03/devel/.private/custom_msgs/share/roseus/ros/custom_msgs/msg/Motor_Pwm.l, /home/kento/robot03/devel/share/roseus/ros/custom_msgs/msg/Motor_Pwm.l)
Cleaning: (/home/kento/robot03/devel/.private/custom_msgs/share/roseus/ros/custom_msgs/msg/motor_pwm.l, /home/kento/robot03/devel/share/roseus/ros/custom_msgs/msg/motor_pwm.l)
Cleaning: (/home/kento/robot03/devel/.private/custom_msgs/share/custom_msgs/cmake/custom_msgsConfig-version.cmake, /home/kento/robot03/devel/share/custom_msgs/cmake/custom_msgsConfig-version.cmake)
Cleaning: (/home/kento/robot03/devel/.private/custom_msgs/share/custom_msgs/cmake/custom_msgsConfig.cmake, /home/kento/robot03/devel/share/custom_msgs/cmake/custom_msgsConfig.cmake)
Cleaning: (/home/kento/robot03/devel/.private/custom_msgs/share/custom_msgs/cmake/custom_msgs-msg-paths.cmake, /home/kento/robot03/devel/share/custom_msgs/cmake/custom_msgs-msg-paths.cmake)
Cleaning: (/home/kento/robot03/devel/.private/custom_msgs/share/custom_msgs/cmake/custom_msgs-msg-extras.cmake, /home/kento/robot03/devel/share/custom_msgs/cmake/custom_msgs-msg-extras.cmake)
Cleaning: (/home/kento/robot03/devel/.private/custom_msgs/lib/pkgconfig/custom_msgs.pc, /home/kento/robot03/devel/lib/pkgconfig/custom_msgs.pc)
Cleaning: (/home/kento/robot03/devel/.private/custom_msgs/lib/python2.7/dist-packages/custom_msgs/__init__.py, /home/kento/robot03/devel/lib/python2.7/dist-packages/custom_msgs/__init__.py)
Cleaning: (/home/kento/robot03/devel/.private/custom_msgs/lib/python2.7/dist-packages/custom_msgs/msg/_motor_pwm.py, /home/kento/robot03/devel/lib/python2.7/dist-packages/custom_msgs/msg/_motor_pwm.py)
Cleaning: (/home/kento/robot03/devel/.private/custom_msgs/lib/python2.7/dist-packages/custom_msgs/msg/__init__.py, /home/kento/robot03/devel/lib/python2.7/dist-packages/custom_msgs/msg/__init__.py)
Cleaning: (/home/kento/robot03/devel/.private/custom_msgs/lib/python2.7/dist-packages/custom_msgs/msg/_Motor_Pwm.py, /home/kento/robot03/devel/lib/python2.7/dist-packages/custom_msgs/msg/_Motor_Pwm.py)
Cleaning: (/home/kento/robot03/devel/.private/custom_msgs/include/custom_msgs/motor_pwm.h, /home/kento/robot03/devel/include/custom_msgs/motor_pwm.h)
Cleaning: (/home/kento/robot03/devel/.private/custom_msgs/include/custom_msgs/Motor_Pwm.h, /home/kento/robot03/devel/include/custom_msgs/Motor_Pwm.h)
Unlinking: /home/kento/robot03/devel/share/gennodejs/ros/custom_msgs/_index.js
Already unlinked: {}
Unlinking: /home/kento/robot03/devel/share/gennodejs/ros/custom_msgs/msg/_index.js
Already unlinked: {}
Unlinking: /home/kento/robot03/devel/share/gennodejs/ros/custom_msgs/msg/Motor_Pwm.js
Already unlinked: {}
Unlinking: /home/kento/robot03/devel/share/gennodejs/ros/custom_msgs/msg/motor_pwm.js
Already unlinked: {}
Unlinking: /home/kento/robot03/devel/share/common-lisp/ros/custom_msgs/msg/motor_pwm.lisp
Already unlinked: {}
Unlinking: /home/kento/robot03/devel/share/common-lisp/ros/custom_msgs/msg/_package_motor_pwm.lisp
Already unlinked: {}
Unlinking: /home/kento/robot03/devel/share/common-lisp/ros/custom_msgs/msg/_package_Motor_Pwm.lisp
Already unlinked: {}
Unlinking: /home/kento/robot03/devel/share/common-lisp/ros/custom_msgs/msg/custom_msgs-msg.asd
Already unlinked: {}
Unlinking: /home/kento/robot03/devel/share/common-lisp/ros/custom_msgs/msg/Motor_Pwm.lisp
Already unlinked: {}
Unlinking: /home/kento/robot03/devel/share/common-lisp/ros/custom_msgs/msg/_package.lisp
Already unlinked: {}
Unlinking: /home/kento/robot03/devel/share/roseus/ros/custom_msgs/manifest.l
Already unlinked: {}
Unlinking: /home/kento/robot03/devel/share/roseus/ros/custom_msgs/msg/Motor_Pwm.l
Already unlinked: {}
Unlinking: /home/kento/robot03/devel/share/roseus/ros/custom_msgs/msg/motor_pwm.l
Already unlinked: {}
Unlinking: /home/kento/robot03/devel/share/custom_msgs/cmake/custom_msgsConfig-version.cmake
Already unlinked: {}
Unlinking: /home/kento/robot03/devel/share/custom_msgs/cmake/custom_msgsConfig.cmake
Already unlinked: {}
Unlinking: /home/kento/robot03/devel/share/custom_msgs/cmake/custom_msgs-msg-paths.cmake
Already unlinked: {}
Unlinking: /home/kento/robot03/devel/share/custom_msgs/cmake/custom_msgs-msg-extras.cmake
Already unlinked: {}
Unlinking: /home/kento/robot03/devel/lib/pkgconfig/custom_msgs.pc
Already unlinked: {}
Unlinking: /home/kento/robot03/devel/lib/python2.7/dist-packages/custom_msgs/__init__.py
Already unlinked: {}
Unlinking: /home/kento/robot03/devel/lib/python2.7/dist-packages/custom_msgs/msg/_motor_pwm.py
Already unlinked: {}
Unlinking: /home/kento/robot03/devel/lib/python2.7/dist-packages/custom_msgs/msg/__init__.py
Already unlinked: {}
Unlinking: /home/kento/robot03/devel/lib/python2.7/dist-packages/custom_msgs/msg/_Motor_Pwm.py
Already unlinked: {}
Unlinking: /home/kento/robot03/devel/include/custom_msgs/motor_pwm.h
Already unlinked: {}
Unlinking: /home/kento/robot03/devel/include/custom_msgs/Motor_Pwm.h
Already unlinked: {}
