Linked: (/home/kento/robot03/devel/.private/custom_msgs/share/gennodejs/ros/custom_msgs/_index.js, /home/kento/robot03/devel/share/gennodejs/ros/custom_msgs/_index.js)
Linked: (/home/kento/robot03/devel/.private/custom_msgs/share/gennodejs/ros/custom_msgs/msg/_index.js, /home/kento/robot03/devel/share/gennodejs/ros/custom_msgs/msg/_index.js)
Linked: (/home/kento/robot03/devel/.private/custom_msgs/share/gennodejs/ros/custom_msgs/msg/Motor_Pwm.js, /home/kento/robot03/devel/share/gennodejs/ros/custom_msgs/msg/Motor_Pwm.js)
Linked: (/home/kento/robot03/devel/.private/custom_msgs/share/gennodejs/ros/custom_msgs/msg/motor_pwm.js, /home/kento/robot03/devel/share/gennodejs/ros/custom_msgs/msg/motor_pwm.js)
Linked: (/home/kento/robot03/devel/.private/custom_msgs/share/common-lisp/ros/custom_msgs/msg/motor_pwm.lisp, /home/kento/robot03/devel/share/common-lisp/ros/custom_msgs/msg/motor_pwm.lisp)
Linked: (/home/kento/robot03/devel/.private/custom_msgs/share/common-lisp/ros/custom_msgs/msg/_package_motor_pwm.lisp, /home/kento/robot03/devel/share/common-lisp/ros/custom_msgs/msg/_package_motor_pwm.lisp)
Linked: (/home/kento/robot03/devel/.private/custom_msgs/share/common-lisp/ros/custom_msgs/msg/_package_Motor_Pwm.lisp, /home/kento/robot03/devel/share/common-lisp/ros/custom_msgs/msg/_package_Motor_Pwm.lisp)
Linked: (/home/kento/robot03/devel/.private/custom_msgs/share/common-lisp/ros/custom_msgs/msg/custom_msgs-msg.asd, /home/kento/robot03/devel/share/common-lisp/ros/custom_msgs/msg/custom_msgs-msg.asd)
Linked: (/home/kento/robot03/devel/.private/custom_msgs/share/common-lisp/ros/custom_msgs/msg/Motor_Pwm.lisp, /home/kento/robot03/devel/share/common-lisp/ros/custom_msgs/msg/Motor_Pwm.lisp)
Linked: (/home/kento/robot03/devel/.private/custom_msgs/share/common-lisp/ros/custom_msgs/msg/_package.lisp, /home/kento/robot03/devel/share/common-lisp/ros/custom_msgs/msg/_package.lisp)
Linked: (/home/kento/robot03/devel/.private/custom_msgs/share/roseus/ros/custom_msgs/manifest.l, /home/kento/robot03/devel/share/roseus/ros/custom_msgs/manifest.l)
Linked: (/home/kento/robot03/devel/.private/custom_msgs/share/roseus/ros/custom_msgs/msg/Motor_Pwm.l, /home/kento/robot03/devel/share/roseus/ros/custom_msgs/msg/Motor_Pwm.l)
Linked: (/home/kento/robot03/devel/.private/custom_msgs/share/roseus/ros/custom_msgs/msg/motor_pwm.l, /home/kento/robot03/devel/share/roseus/ros/custom_msgs/msg/motor_pwm.l)
Linked: (/home/kento/robot03/devel/.private/custom_msgs/share/custom_msgs/cmake/custom_msgsConfig-version.cmake, /home/kento/robot03/devel/share/custom_msgs/cmake/custom_msgsConfig-version.cmake)
Linked: (/home/kento/robot03/devel/.private/custom_msgs/share/custom_msgs/cmake/custom_msgsConfig.cmake, /home/kento/robot03/devel/share/custom_msgs/cmake/custom_msgsConfig.cmake)
Linked: (/home/kento/robot03/devel/.private/custom_msgs/share/custom_msgs/cmake/custom_msgs-msg-paths.cmake, /home/kento/robot03/devel/share/custom_msgs/cmake/custom_msgs-msg-paths.cmake)
Linked: (/home/kento/robot03/devel/.private/custom_msgs/share/custom_msgs/cmake/custom_msgs-msg-extras.cmake, /home/kento/robot03/devel/share/custom_msgs/cmake/custom_msgs-msg-extras.cmake)
Linked: (/home/kento/robot03/devel/.private/custom_msgs/lib/pkgconfig/custom_msgs.pc, /home/kento/robot03/devel/lib/pkgconfig/custom_msgs.pc)
Linked: (/home/kento/robot03/devel/.private/custom_msgs/lib/python2.7/dist-packages/custom_msgs/__init__.py, /home/kento/robot03/devel/lib/python2.7/dist-packages/custom_msgs/__init__.py)
Linked: (/home/kento/robot03/devel/.private/custom_msgs/lib/python2.7/dist-packages/custom_msgs/msg/_motor_pwm.py, /home/kento/robot03/devel/lib/python2.7/dist-packages/custom_msgs/msg/_motor_pwm.py)
Linked: (/home/kento/robot03/devel/.private/custom_msgs/lib/python2.7/dist-packages/custom_msgs/msg/__init__.py, /home/kento/robot03/devel/lib/python2.7/dist-packages/custom_msgs/msg/__init__.py)
Linked: (/home/kento/robot03/devel/.private/custom_msgs/lib/python2.7/dist-packages/custom_msgs/msg/_Motor_Pwm.py, /home/kento/robot03/devel/lib/python2.7/dist-packages/custom_msgs/msg/_Motor_Pwm.py)
Linked: (/home/kento/robot03/devel/.private/custom_msgs/include/custom_msgs/motor_pwm.h, /home/kento/robot03/devel/include/custom_msgs/motor_pwm.h)
Linked: (/home/kento/robot03/devel/.private/custom_msgs/include/custom_msgs/Motor_Pwm.h, /home/kento/robot03/devel/include/custom_msgs/Motor_Pwm.h)
