Determining if the pthread_create exist failed with the following output:
Change Dir: /home/robot03/robot03/build/catkin_tools_prebuild/CMakeFiles/CMakeTmp

<<<<<<< HEAD
Run Build Command:"/usr/bin/make" "cmTC_c092c/fast"
/usr/bin/make -f CMakeFiles/cmTC_c092c.dir/build.make CMakeFiles/cmTC_c092c.dir/build
make[1]: Entering directory '/home/robot03/robot03/build/catkin_tools_prebuild/CMakeFiles/CMakeTmp'
Building C object CMakeFiles/cmTC_c092c.dir/CheckSymbolExists.c.o
/usr/bin/cc    -o CMakeFiles/cmTC_c092c.dir/CheckSymbolExists.c.o   -c /home/robot03/robot03/build/catkin_tools_prebuild/CMakeFiles/CMakeTmp/CheckSymbolExists.c
Linking C executable cmTC_c092c
/usr/bin/cmake -E cmake_link_script CMakeFiles/cmTC_c092c.dir/link.txt --verbose=1
/usr/bin/cc      -rdynamic CMakeFiles/cmTC_c092c.dir/CheckSymbolExists.c.o  -o cmTC_c092c 
CMakeFiles/cmTC_c092c.dir/CheckSymbolExists.c.o: In function `main':
CheckSymbolExists.c:(.text+0x2c): undefined reference to `pthread_create'
collect2: error: ld returned 1 exit status
CMakeFiles/cmTC_c092c.dir/build.make:97: recipe for target 'cmTC_c092c' failed
make[1]: *** [cmTC_c092c] Error 1
make[1]: Leaving directory '/home/robot03/robot03/build/catkin_tools_prebuild/CMakeFiles/CMakeTmp'
Makefile:126: recipe for target 'cmTC_c092c/fast' failed
make: *** [cmTC_c092c/fast] Error 2
=======
Run Build Command:"/usr/bin/make" "cmTC_23f9f/fast"
/usr/bin/make -f CMakeFiles/cmTC_23f9f.dir/build.make CMakeFiles/cmTC_23f9f.dir/build
make[1]: ディレクトリ '/home/kento/robot03/build/catkin_tools_prebuild/CMakeFiles/CMakeTmp' に入ります
Building C object CMakeFiles/cmTC_23f9f.dir/CheckSymbolExists.c.o
/usr/bin/cc    -o CMakeFiles/cmTC_23f9f.dir/CheckSymbolExists.c.o   -c /home/kento/robot03/build/catkin_tools_prebuild/CMakeFiles/CMakeTmp/CheckSymbolExists.c
Linking C executable cmTC_23f9f
/usr/bin/cmake -E cmake_link_script CMakeFiles/cmTC_23f9f.dir/link.txt --verbose=1
/usr/bin/cc      -rdynamic CMakeFiles/cmTC_23f9f.dir/CheckSymbolExists.c.o  -o cmTC_23f9f 
CMakeFiles/cmTC_23f9f.dir/CheckSymbolExists.c.o: 関数 `main' 内:
CheckSymbolExists.c:(.text+0x1b): `pthread_create' に対する定義されていない参照です
collect2: error: ld returned 1 exit status
CMakeFiles/cmTC_23f9f.dir/build.make:97: recipe for target 'cmTC_23f9f' failed
make[1]: *** [cmTC_23f9f] Error 1
make[1]: ディレクトリ '/home/kento/robot03/build/catkin_tools_prebuild/CMakeFiles/CMakeTmp' から出ます
Makefile:126: recipe for target 'cmTC_23f9f/fast' failed
make: *** [cmTC_23f9f/fast] Error 2
>>>>>>> dev

File /home/robot03/robot03/build/catkin_tools_prebuild/CMakeFiles/CMakeTmp/CheckSymbolExists.c:
/* */
#include <pthread.h>

int main(int argc, char** argv)
{
  (void)argv;
#ifndef pthread_create
  return ((int*)(&pthread_create))[argc];
#else
  (void)argc;
  return 0;
#endif
}

Determining if the function pthread_create exists in the pthreads failed with the following output:
Change Dir: /home/robot03/robot03/build/catkin_tools_prebuild/CMakeFiles/CMakeTmp

<<<<<<< HEAD
Run Build Command:"/usr/bin/make" "cmTC_7d44b/fast"
/usr/bin/make -f CMakeFiles/cmTC_7d44b.dir/build.make CMakeFiles/cmTC_7d44b.dir/build
make[1]: Entering directory '/home/robot03/robot03/build/catkin_tools_prebuild/CMakeFiles/CMakeTmp'
Building C object CMakeFiles/cmTC_7d44b.dir/CheckFunctionExists.c.o
/usr/bin/cc   -DCHECK_FUNCTION_EXISTS=pthread_create   -o CMakeFiles/cmTC_7d44b.dir/CheckFunctionExists.c.o   -c /usr/share/cmake-3.10/Modules/CheckFunctionExists.c
Linking C executable cmTC_7d44b
/usr/bin/cmake -E cmake_link_script CMakeFiles/cmTC_7d44b.dir/link.txt --verbose=1
/usr/bin/cc  -DCHECK_FUNCTION_EXISTS=pthread_create    -rdynamic CMakeFiles/cmTC_7d44b.dir/CheckFunctionExists.c.o  -o cmTC_7d44b -lpthreads 
/usr/bin/ld: cannot find -lpthreads
collect2: error: ld returned 1 exit status
CMakeFiles/cmTC_7d44b.dir/build.make:97: recipe for target 'cmTC_7d44b' failed
make[1]: *** [cmTC_7d44b] Error 1
make[1]: Leaving directory '/home/robot03/robot03/build/catkin_tools_prebuild/CMakeFiles/CMakeTmp'
Makefile:126: recipe for target 'cmTC_7d44b/fast' failed
make: *** [cmTC_7d44b/fast] Error 2
=======
Run Build Command:"/usr/bin/make" "cmTC_5c0d1/fast"
/usr/bin/make -f CMakeFiles/cmTC_5c0d1.dir/build.make CMakeFiles/cmTC_5c0d1.dir/build
make[1]: ディレクトリ '/home/kento/robot03/build/catkin_tools_prebuild/CMakeFiles/CMakeTmp' に入ります
Building C object CMakeFiles/cmTC_5c0d1.dir/CheckFunctionExists.c.o
/usr/bin/cc   -DCHECK_FUNCTION_EXISTS=pthread_create   -o CMakeFiles/cmTC_5c0d1.dir/CheckFunctionExists.c.o   -c /usr/share/cmake-3.10/Modules/CheckFunctionExists.c
Linking C executable cmTC_5c0d1
/usr/bin/cmake -E cmake_link_script CMakeFiles/cmTC_5c0d1.dir/link.txt --verbose=1
/usr/bin/cc  -DCHECK_FUNCTION_EXISTS=pthread_create    -rdynamic CMakeFiles/cmTC_5c0d1.dir/CheckFunctionExists.c.o  -o cmTC_5c0d1 -lpthreads 
/usr/bin/ld: -lpthreads が見つかりません
collect2: error: ld returned 1 exit status
CMakeFiles/cmTC_5c0d1.dir/build.make:97: recipe for target 'cmTC_5c0d1' failed
make[1]: *** [cmTC_5c0d1] Error 1
make[1]: ディレクトリ '/home/kento/robot03/build/catkin_tools_prebuild/CMakeFiles/CMakeTmp' から出ます
Makefile:126: recipe for target 'cmTC_5c0d1/fast' failed
make: *** [cmTC_5c0d1/fast] Error 2
>>>>>>> dev


