Determining if the pthread_create exist failed with the following output:
Change Dir: /home/kento/robot03/build/msgs/CMakeFiles/CMakeTmp

Run Build Command:"/usr/bin/make" "cmTC_c6e11/fast"
/usr/bin/make -f CMakeFiles/cmTC_c6e11.dir/build.make CMakeFiles/cmTC_c6e11.dir/build
make[1]: ディレクトリ '/home/kento/robot03/build/msgs/CMakeFiles/CMakeTmp' に入ります
Building C object CMakeFiles/cmTC_c6e11.dir/CheckSymbolExists.c.o
/usr/bin/cc    -o CMakeFiles/cmTC_c6e11.dir/CheckSymbolExists.c.o   -c /home/kento/robot03/build/msgs/CMakeFiles/CMakeTmp/CheckSymbolExists.c
Linking C executable cmTC_c6e11
/usr/bin/cmake -E cmake_link_script CMakeFiles/cmTC_c6e11.dir/link.txt --verbose=1
/usr/bin/cc      -rdynamic CMakeFiles/cmTC_c6e11.dir/CheckSymbolExists.c.o  -o cmTC_c6e11 
CMakeFiles/cmTC_c6e11.dir/CheckSymbolExists.c.o: 関数 `main' 内:
CheckSymbolExists.c:(.text+0x1b): `pthread_create' に対する定義されていない参照です
collect2: error: ld returned 1 exit status
CMakeFiles/cmTC_c6e11.dir/build.make:97: recipe for target 'cmTC_c6e11' failed
make[1]: *** [cmTC_c6e11] Error 1
make[1]: ディレクトリ '/home/kento/robot03/build/msgs/CMakeFiles/CMakeTmp' から出ます
Makefile:126: recipe for target 'cmTC_c6e11/fast' failed
make: *** [cmTC_c6e11/fast] Error 2

File /home/kento/robot03/build/msgs/CMakeFiles/CMakeTmp/CheckSymbolExists.c:
/* */
#include <pthread.h>

int main(int argc, char** argv)
{
  (void)argv;
#ifndef pthread_create
  return ((int*)(&pthread_create))[argc];
#else
  (void)argc;
  return 0;
#endif
}

Determining if the function pthread_create exists in the pthreads failed with the following output:
Change Dir: /home/kento/robot03/build/msgs/CMakeFiles/CMakeTmp

Run Build Command:"/usr/bin/make" "cmTC_34e31/fast"
/usr/bin/make -f CMakeFiles/cmTC_34e31.dir/build.make CMakeFiles/cmTC_34e31.dir/build
make[1]: ディレクトリ '/home/kento/robot03/build/msgs/CMakeFiles/CMakeTmp' に入ります
Building C object CMakeFiles/cmTC_34e31.dir/CheckFunctionExists.c.o
/usr/bin/cc   -DCHECK_FUNCTION_EXISTS=pthread_create   -o CMakeFiles/cmTC_34e31.dir/CheckFunctionExists.c.o   -c /usr/share/cmake-3.10/Modules/CheckFunctionExists.c
Linking C executable cmTC_34e31
/usr/bin/cmake -E cmake_link_script CMakeFiles/cmTC_34e31.dir/link.txt --verbose=1
/usr/bin/cc  -DCHECK_FUNCTION_EXISTS=pthread_create    -rdynamic CMakeFiles/cmTC_34e31.dir/CheckFunctionExists.c.o  -o cmTC_34e31 -lpthreads 
/usr/bin/ld: -lpthreads が見つかりません
collect2: error: ld returned 1 exit status
CMakeFiles/cmTC_34e31.dir/build.make:97: recipe for target 'cmTC_34e31' failed
make[1]: *** [cmTC_34e31] Error 1
make[1]: ディレクトリ '/home/kento/robot03/build/msgs/CMakeFiles/CMakeTmp' から出ます
Makefile:126: recipe for target 'cmTC_34e31/fast' failed
make: *** [cmTC_34e31/fast] Error 2


