[01m[K/home/kento/robot03/src/joy_control/src/controller2.cpp:[m[K In function ‘[01m[Kint main(int, char**)[m[K’:
[01m[K/home/kento/robot03/src/joy_control/src/controller2.cpp:31:43:[m[K [01;31m[Kerror: [m[K‘[01m[KMotor_pwm[m[K’ is not a member of ‘[01m[Kmsgs[m[K’
   ros::Publisher pub = nh.advertise<msgs::[01;31m[KMotor_pwm[m[K>("power", 1);
                                           [01;31m[K^~~~~~~~~[m[K
[01m[K/home/kento/robot03/src/joy_control/src/controller2.cpp:31:43:[m[K [01;36m[Knote: [m[Ksuggested alternative: ‘[01m[KMotor_[m[K’
   ros::Publisher pub = nh.advertise<msgs::[01;36m[KMotor_pwm[m[K>("power", 1);
                                           [01;36m[K^~~~~~~~~[m[K
                                           [32m[KMotor_[m[K
[01m[K/home/kento/robot03/src/joy_control/src/controller2.cpp:31:43:[m[K [01;31m[Kerror: [m[K‘[01m[KMotor_pwm[m[K’ is not a member of ‘[01m[Kmsgs[m[K’
[01m[K/home/kento/robot03/src/joy_control/src/controller2.cpp:31:43:[m[K [01;36m[Knote: [m[Ksuggested alternative: ‘[01m[KMotor_[m[K’
   ros::Publisher pub = nh.advertise<msgs::[01;36m[KMotor_pwm[m[K>("power", 1);
                                           [01;36m[K^~~~~~~~~[m[K
                                           [32m[KMotor_[m[K
[01m[K/home/kento/robot03/src/joy_control/src/controller2.cpp:31:64:[m[K [01;31m[Kerror: [m[Kno matching function for call to ‘[01m[Kros::NodeHandle::advertise<<expression error> >(const char [6], int)[m[K’
   ros::Publisher pub = nh.advertise<msgs::Motor_pwm>("power", 1[01;31m[K)[m[K;
                                                                [01;31m[K^[m[K
In file included from [01m[K/opt/ros/melodic/include/ros/ros.h:45:0[m[K,
                 from [01m[K/home/kento/robot03/src/joy_control/src/controller2.cpp:1[m[K:
[01m[K/opt/ros/melodic/include/ros/node_handle.h:249:15:[m[K [01;36m[Knote: [m[Kcandidate: template<class M> ros::Publisher ros::NodeHandle::advertise(const string&, uint32_t, bool)
     Publisher [01;36m[Kadvertise[m[K(const std::string& topic, uint32_t queue_size, bool latch = false)
               [01;36m[K^~~~~~~~~[m[K
[01m[K/opt/ros/melodic/include/ros/node_handle.h:249:15:[m[K [01;36m[Knote: [m[K  template argument deduction/substitution failed:
[01m[K/home/kento/robot03/src/joy_control/src/controller2.cpp:31:64:[m[K [01;31m[Kerror: [m[Ktemplate argument 1 is invalid
   ros::Publisher pub = nh.advertise<msgs::Motor_pwm>("power", 1[01;31m[K)[m[K;
                                                                [01;31m[K^[m[K
In file included from [01m[K/opt/ros/melodic/include/ros/ros.h:45:0[m[K,
                 from [01m[K/home/kento/robot03/src/joy_control/src/controller2.cpp:1[m[K:
[01m[K/opt/ros/melodic/include/ros/node_handle.h:315:13:[m[K [01;36m[Knote: [m[Kcandidate: template<class M> ros::Publisher ros::NodeHandle::advertise(const string&, uint32_t, const SubscriberStatusCallback&, const SubscriberStatusCallback&, const VoidConstPtr&, bool)
   Publisher [01;36m[Kadvertise[m[K(const std::string& topic, uint32_t queue_size,
             [01;36m[K^~~~~~~~~[m[K
[01m[K/opt/ros/melodic/include/ros/node_handle.h:315:13:[m[K [01;36m[Knote: [m[K  template argument deduction/substitution failed:
[01m[K/home/kento/robot03/src/joy_control/src/controller2.cpp:31:64:[m[K [01;31m[Kerror: [m[Ktemplate argument 1 is invalid
   ros::Publisher pub = nh.advertise<msgs::Motor_pwm>("power", 1[01;31m[K)[m[K;
                                                                [01;31m[K^[m[K
make[2]: *** [CMakeFiles/controller2.dir/src/controller2.cpp.o] Error 1
make[1]: *** [CMakeFiles/controller2.dir/all] Error 2
make: *** [all] Error 2
