Not searching for unused variables given on the command line.
[36m--[0m Using CATKIN_DEVEL_PREFIX: /home/kento/robot03/devel/.private/joy_control
[36m--[0m Using CMAKE_PREFIX_PATH: /home/kento/robot03/devel;/home/kento/Turtlebot3/devel;/opt/ros/melodic;/home/kento/catkin_ws/devel
[36m--[0m This workspace overlays: /home/kento/robot03/devel;/home/kento/Turtlebot3/devel;/opt/ros/melodic;/home/kento/catkin_ws/devel
[36m--[0m Found PythonInterp: /usr/bin/python2 (found suitable version "2.7.17", minimum required is "2")
[36m--[0m Using PYTHON_EXECUTABLE: /usr/bin/python2
[36m--[0m Using Debian Python package layout
[36m--[0m Using empy: /usr/bin/empy
[36m--[0m Using CATKIN_ENABLE_TESTING: ON
[36m--[0m Call enable_testing()
[36m--[0m Using CATKIN_TEST_RESULTS_DIR: /home/kento/robot03/build/joy_control/test_results
[36m--[0m Found gtest sources under '/usr/src/googletest': gtests will be built
[36m--[0m Found gmock sources under '/usr/src/googletest': gmock will be built
[36m--[0m Found PythonInterp: /usr/bin/python2 (found version "2.7.17")
[36m--[0m Using Python nosetests: /usr/bin/nosetests-2.7
[36m--[0m catkin 0.7.29
[36m--[0m BUILD_SHARED_LIBS is on
[31m[1mCMake Error[0m at /home/kento/robot03/src/joy_control/CMakeLists.txt:133 (add_dependencies):
  Cannot add target-level dependencies to non-existent target "controller".

  The add_dependencies works for top-level logical targets created by the
  add_executable, add_library, or add_custom_target commands.  If you want to
  add file-level dependencies see the DEPENDS option of the add_custom_target
  and add_custom_command commands.


[36m--[0m Configuring incomplete, errors occurred!
See also "/home/kento/robot03/build/joy_control/CMakeFiles/CMakeOutput.log".
See also "/home/kento/robot03/build/joy_control/CMakeFiles/CMakeError.log".
