[01m[K/home/kento/robot03/src/joy_control/src/controller.cpp:[m[K In function ‘[01m[Kint main(int, char**)[m[K’:
[01m[K/home/kento/robot03/src/joy_control/src/controller.cpp:27:37:[m[K [01;31m[Kerror: [m[K‘[01m[Kcustom_msgs[m[K’ was not declared in this scope
   ros::Publisher pub = nh.advertise<[01;31m[Kcustom_msgs[m[K::motor_pwm>("power", 1);
                                     [01;31m[K^~~~~~~~~~~[m[K
[01m[K/home/kento/robot03/src/joy_control/src/controller.cpp:27:27:[m[K [01;31m[Kerror: [m[Kparse error in template argument list
   ros::Publisher pub = nh.[01;31m[Kadvertise<custom_msgs::motor_pwm>[m[K("power", 1);
                           [01;31m[K^~~~~~~~~~~~~~~~~~~~~~~~~~~~~~~~~[m[K
[01m[K/home/kento/robot03/src/joy_control/src/controller.cpp:27:71:[m[K [01;31m[Kerror: [m[Kno matching function for call to ‘[01m[Kros::NodeHandle::advertise<<expression error> >(const char [6], int)[m[K’
   ros::Publisher pub = nh.advertise<custom_msgs::motor_pwm>("power", 1[01;31m[K)[m[K;
                                                                       [01;31m[K^[m[K
In file included from [01m[K/opt/ros/melodic/include/ros/ros.h:45:0[m[K,
                 from [01m[K/home/kento/robot03/src/joy_control/src/controller.cpp:1[m[K:
[01m[K/opt/ros/melodic/include/ros/node_handle.h:249:15:[m[K [01;36m[Knote: [m[Kcandidate: template<class M> ros::Publisher ros::NodeHandle::advertise(const string&, uint32_t, bool)
     Publisher [01;36m[Kadvertise[m[K(const std::string& topic, uint32_t queue_size, bool latch = false)
               [01;36m[K^~~~~~~~~[m[K
[01m[K/opt/ros/melodic/include/ros/node_handle.h:249:15:[m[K [01;36m[Knote: [m[K  template argument deduction/substitution failed:
[01m[K/home/kento/robot03/src/joy_control/src/controller.cpp:27:71:[m[K [01;31m[Kerror: [m[Ktemplate argument 1 is invalid
   ros::Publisher pub = nh.advertise<custom_msgs::motor_pwm>("power", 1[01;31m[K)[m[K;
                                                                       [01;31m[K^[m[K
In file included from [01m[K/opt/ros/melodic/include/ros/ros.h:45:0[m[K,
                 from [01m[K/home/kento/robot03/src/joy_control/src/controller.cpp:1[m[K:
[01m[K/opt/ros/melodic/include/ros/node_handle.h:315:13:[m[K [01;36m[Knote: [m[Kcandidate: template<class M> ros::Publisher ros::NodeHandle::advertise(const string&, uint32_t, const SubscriberStatusCallback&, const SubscriberStatusCallback&, const VoidConstPtr&, bool)
   Publisher [01;36m[Kadvertise[m[K(const std::string& topic, uint32_t queue_size,
             [01;36m[K^~~~~~~~~[m[K
[01m[K/opt/ros/melodic/include/ros/node_handle.h:315:13:[m[K [01;36m[Knote: [m[K  template argument deduction/substitution failed:
[01m[K/home/kento/robot03/src/joy_control/src/controller.cpp:27:71:[m[K [01;31m[Kerror: [m[Ktemplate argument 1 is invalid
   ros::Publisher pub = nh.advertise<custom_msgs::motor_pwm>("power", 1[01;31m[K)[m[K;
                                                                       [01;31m[K^[m[K
make[2]: *** [CMakeFiles/controller.dir/src/controller.cpp.o] Error 1
make[1]: *** [CMakeFiles/controller.dir/all] Error 2
make: *** [all] Error 2
