The system is: Linux - 4.15.0-1032-raspi2 - armv7l
Compiling the C compiler identification source file "CMakeCCompilerId.c" succeeded.
Compiler: /usr/bin/cc 
Build flags: 
Id flags:  

The output was:
0


Compilation of the C compiler identification source "CMakeCCompilerId.c" produced "a.out"

<<<<<<< HEAD:build/custom_msgs/CMakeFiles/CMakeOutput.log
The C compiler identification is GNU, found in "/home/robot03/robot03/build/custom_msgs/CMakeFiles/3.10.2/CompilerIdC/a.out"
=======
The C compiler identification is GNU, found in "/home/kento/robot03/build/joy_control/CMakeFiles/3.10.2/CompilerIdC/a.out"
>>>>>>> dev:build/joy_control/CMakeFiles/CMakeOutput.log

Compiling the CXX compiler identification source file "CMakeCXXCompilerId.cpp" succeeded.
Compiler: /usr/bin/c++ 
Build flags: 
Id flags:  

The output was:
0


Compilation of the CXX compiler identification source "CMakeCXXCompilerId.cpp" produced "a.out"

<<<<<<< HEAD:build/custom_msgs/CMakeFiles/CMakeOutput.log
The CXX compiler identification is GNU, found in "/home/robot03/robot03/build/custom_msgs/CMakeFiles/3.10.2/CompilerIdCXX/a.out"

Determining if the C compiler works passed with the following output:
Change Dir: /home/robot03/robot03/build/custom_msgs/CMakeFiles/CMakeTmp

Run Build Command:"/usr/bin/make" "cmTC_911bd/fast"
/usr/bin/make -f CMakeFiles/cmTC_911bd.dir/build.make CMakeFiles/cmTC_911bd.dir/build
make[1]: Entering directory '/home/robot03/robot03/build/custom_msgs/CMakeFiles/CMakeTmp'
Building C object CMakeFiles/cmTC_911bd.dir/testCCompiler.c.o
/usr/bin/cc    -o CMakeFiles/cmTC_911bd.dir/testCCompiler.c.o   -c /home/robot03/robot03/build/custom_msgs/CMakeFiles/CMakeTmp/testCCompiler.c
Linking C executable cmTC_911bd
/usr/bin/cmake -E cmake_link_script CMakeFiles/cmTC_911bd.dir/link.txt --verbose=1
/usr/bin/cc      -rdynamic CMakeFiles/cmTC_911bd.dir/testCCompiler.c.o  -o cmTC_911bd 
make[1]: Leaving directory '/home/robot03/robot03/build/custom_msgs/CMakeFiles/CMakeTmp'


Detecting C compiler ABI info compiled with the following output:
Change Dir: /home/robot03/robot03/build/custom_msgs/CMakeFiles/CMakeTmp

Run Build Command:"/usr/bin/make" "cmTC_ef7c2/fast"
/usr/bin/make -f CMakeFiles/cmTC_ef7c2.dir/build.make CMakeFiles/cmTC_ef7c2.dir/build
make[1]: Entering directory '/home/robot03/robot03/build/custom_msgs/CMakeFiles/CMakeTmp'
Building C object CMakeFiles/cmTC_ef7c2.dir/CMakeCCompilerABI.c.o
/usr/bin/cc    -o CMakeFiles/cmTC_ef7c2.dir/CMakeCCompilerABI.c.o   -c /usr/share/cmake-3.10/Modules/CMakeCCompilerABI.c
Linking C executable cmTC_ef7c2
/usr/bin/cmake -E cmake_link_script CMakeFiles/cmTC_ef7c2.dir/link.txt --verbose=1
/usr/bin/cc     -v -rdynamic CMakeFiles/cmTC_ef7c2.dir/CMakeCCompilerABI.c.o  -o cmTC_ef7c2 
=======
The CXX compiler identification is GNU, found in "/home/kento/robot03/build/joy_control/CMakeFiles/3.10.2/CompilerIdCXX/a.out"

Determining if the C compiler works passed with the following output:
Change Dir: /home/kento/robot03/build/joy_control/CMakeFiles/CMakeTmp

Run Build Command:"/usr/bin/make" "cmTC_63d9e/fast"
/usr/bin/make -f CMakeFiles/cmTC_63d9e.dir/build.make CMakeFiles/cmTC_63d9e.dir/build
make[1]: ディレクトリ '/home/kento/robot03/build/joy_control/CMakeFiles/CMakeTmp' に入ります
Building C object CMakeFiles/cmTC_63d9e.dir/testCCompiler.c.o
/usr/bin/cc    -o CMakeFiles/cmTC_63d9e.dir/testCCompiler.c.o   -c /home/kento/robot03/build/joy_control/CMakeFiles/CMakeTmp/testCCompiler.c
Linking C executable cmTC_63d9e
/usr/bin/cmake -E cmake_link_script CMakeFiles/cmTC_63d9e.dir/link.txt --verbose=1
/usr/bin/cc      -rdynamic CMakeFiles/cmTC_63d9e.dir/testCCompiler.c.o  -o cmTC_63d9e 
make[1]: ディレクトリ '/home/kento/robot03/build/joy_control/CMakeFiles/CMakeTmp' から出ます


Detecting C compiler ABI info compiled with the following output:
Change Dir: /home/kento/robot03/build/joy_control/CMakeFiles/CMakeTmp

Run Build Command:"/usr/bin/make" "cmTC_ca7a5/fast"
/usr/bin/make -f CMakeFiles/cmTC_ca7a5.dir/build.make CMakeFiles/cmTC_ca7a5.dir/build
make[1]: ディレクトリ '/home/kento/robot03/build/joy_control/CMakeFiles/CMakeTmp' に入ります
Building C object CMakeFiles/cmTC_ca7a5.dir/CMakeCCompilerABI.c.o
/usr/bin/cc    -o CMakeFiles/cmTC_ca7a5.dir/CMakeCCompilerABI.c.o   -c /usr/share/cmake-3.10/Modules/CMakeCCompilerABI.c
Linking C executable cmTC_ca7a5
/usr/bin/cmake -E cmake_link_script CMakeFiles/cmTC_ca7a5.dir/link.txt --verbose=1
/usr/bin/cc     -v -rdynamic CMakeFiles/cmTC_ca7a5.dir/CMakeCCompilerABI.c.o  -o cmTC_ca7a5 
>>>>>>> dev:build/joy_control/CMakeFiles/CMakeOutput.log
Using built-in specs.
COLLECT_GCC=/usr/bin/cc
COLLECT_LTO_WRAPPER=/usr/lib/gcc/arm-linux-gnueabihf/7/lto-wrapper
Target: arm-linux-gnueabihf
Configured with: ../src/configure -v --with-pkgversion='Ubuntu/Linaro 7.5.0-3ubuntu1~18.04' --with-bugurl=file:///usr/share/doc/gcc-7/README.Bugs --enable-languages=c,ada,c++,go,d,fortran,objc,obj-c++ --prefix=/usr --with-gcc-major-version-only --program-suffix=-7 --program-prefix=arm-linux-gnueabihf- --enable-shared --enable-linker-build-id --libexecdir=/usr/lib --without-included-gettext --enable-threads=posix --libdir=/usr/lib --enable-nls --enable-bootstrap --enable-clocale=gnu --enable-libstdcxx-debug --enable-libstdcxx-time=yes --with-default-libstdcxx-abi=new --enable-gnu-unique-object --disable-libitm --disable-libquadmath --disable-libquadmath-support --enable-plugin --enable-default-pie --with-system-zlib --with-target-system-zlib --enable-objc-gc=auto --enable-multiarch --enable-multilib --disable-sjlj-exceptions --with-arch=armv7-a --with-fpu=vfpv3-d16 --with-float=hard --with-mode=thumb --disable-werror --enable-multilib --enable-checking=release --build=arm-linux-gnueabihf --host=arm-linux-gnueabihf --target=arm-linux-gnueabihf
Thread model: posix
<<<<<<< HEAD:build/custom_msgs/CMakeFiles/CMakeOutput.log
gcc version 7.5.0 (Ubuntu/Linaro 7.5.0-3ubuntu1~18.04) 
COMPILER_PATH=/usr/lib/gcc/arm-linux-gnueabihf/7/:/usr/lib/gcc/arm-linux-gnueabihf/7/:/usr/lib/gcc/arm-linux-gnueabihf/:/usr/lib/gcc/arm-linux-gnueabihf/7/:/usr/lib/gcc/arm-linux-gnueabihf/
LIBRARY_PATH=/usr/lib/gcc/arm-linux-gnueabihf/7/:/usr/lib/gcc/arm-linux-gnueabihf/7/../../../arm-linux-gnueabihf/:/usr/lib/gcc/arm-linux-gnueabihf/7/../../../../lib/:/lib/arm-linux-gnueabihf/:/lib/../lib/:/usr/lib/arm-linux-gnueabihf/:/usr/lib/../lib/:/usr/lib/gcc/arm-linux-gnueabihf/7/../../../:/lib/:/usr/lib/
COLLECT_GCC_OPTIONS='-v' '-rdynamic' '-o' 'cmTC_ef7c2' '-march=armv7-a' '-mfloat-abi=hard' '-mfpu=vfpv3-d16' '-mthumb' '-mtls-dialect=gnu'
 /usr/lib/gcc/arm-linux-gnueabihf/7/collect2 -plugin /usr/lib/gcc/arm-linux-gnueabihf/7/liblto_plugin.so -plugin-opt=/usr/lib/gcc/arm-linux-gnueabihf/7/lto-wrapper -plugin-opt=-fresolution=/tmp/cceCR43f.res -plugin-opt=-pass-through=-lgcc -plugin-opt=-pass-through=-lgcc_s -plugin-opt=-pass-through=-lc -plugin-opt=-pass-through=-lgcc -plugin-opt=-pass-through=-lgcc_s --build-id --eh-frame-hdr -export-dynamic -dynamic-linker /lib/ld-linux-armhf.so.3 -X --hash-style=gnu --as-needed -m armelf_linux_eabi -pie -z now -z relro -o cmTC_ef7c2 /usr/lib/gcc/arm-linux-gnueabihf/7/../../../arm-linux-gnueabihf/Scrt1.o /usr/lib/gcc/arm-linux-gnueabihf/7/../../../arm-linux-gnueabihf/crti.o /usr/lib/gcc/arm-linux-gnueabihf/7/crtbeginS.o -L/usr/lib/gcc/arm-linux-gnueabihf/7 -L/usr/lib/gcc/arm-linux-gnueabihf/7/../../../arm-linux-gnueabihf -L/usr/lib/gcc/arm-linux-gnueabihf/7/../../../../lib -L/lib/arm-linux-gnueabihf -L/lib/../lib -L/usr/lib/arm-linux-gnueabihf -L/usr/lib/../lib -L/usr/lib/gcc/arm-linux-gnueabihf/7/../../.. CMakeFiles/cmTC_ef7c2.dir/CMakeCCompilerABI.c.o -lgcc --push-state --as-needed -lgcc_s --pop-state -lc -lgcc --push-state --as-needed -lgcc_s --pop-state /usr/lib/gcc/arm-linux-gnueabihf/7/crtendS.o /usr/lib/gcc/arm-linux-gnueabihf/7/../../../arm-linux-gnueabihf/crtn.o
COLLECT_GCC_OPTIONS='-v' '-rdynamic' '-o' 'cmTC_ef7c2' '-march=armv7-a' '-mfloat-abi=hard' '-mfpu=vfpv3-d16' '-mthumb' '-mtls-dialect=gnu'
make[1]: Leaving directory '/home/robot03/robot03/build/custom_msgs/CMakeFiles/CMakeTmp'
=======
gcc version 7.5.0 (Ubuntu 7.5.0-3ubuntu1~18.04) 
COMPILER_PATH=/usr/lib/gcc/x86_64-linux-gnu/7/:/usr/lib/gcc/x86_64-linux-gnu/7/:/usr/lib/gcc/x86_64-linux-gnu/:/usr/lib/gcc/x86_64-linux-gnu/7/:/usr/lib/gcc/x86_64-linux-gnu/
LIBRARY_PATH=/usr/lib/gcc/x86_64-linux-gnu/7/:/usr/lib/gcc/x86_64-linux-gnu/7/../../../x86_64-linux-gnu/:/usr/lib/gcc/x86_64-linux-gnu/7/../../../../lib/:/lib/x86_64-linux-gnu/:/lib/../lib/:/usr/lib/x86_64-linux-gnu/:/usr/lib/../lib/:/usr/lib/gcc/x86_64-linux-gnu/7/../../../:/lib/:/usr/lib/
COLLECT_GCC_OPTIONS='-v' '-rdynamic' '-o' 'cmTC_ca7a5' '-mtune=generic' '-march=x86-64'
 /usr/lib/gcc/x86_64-linux-gnu/7/collect2 -plugin /usr/lib/gcc/x86_64-linux-gnu/7/liblto_plugin.so -plugin-opt=/usr/lib/gcc/x86_64-linux-gnu/7/lto-wrapper -plugin-opt=-fresolution=/tmp/ccMwz1jn.res -plugin-opt=-pass-through=-lgcc -plugin-opt=-pass-through=-lgcc_s -plugin-opt=-pass-through=-lc -plugin-opt=-pass-through=-lgcc -plugin-opt=-pass-through=-lgcc_s --build-id --eh-frame-hdr -m elf_x86_64 --hash-style=gnu --as-needed -export-dynamic -dynamic-linker /lib64/ld-linux-x86-64.so.2 -pie -z now -z relro -o cmTC_ca7a5 /usr/lib/gcc/x86_64-linux-gnu/7/../../../x86_64-linux-gnu/Scrt1.o /usr/lib/gcc/x86_64-linux-gnu/7/../../../x86_64-linux-gnu/crti.o /usr/lib/gcc/x86_64-linux-gnu/7/crtbeginS.o -L/usr/lib/gcc/x86_64-linux-gnu/7 -L/usr/lib/gcc/x86_64-linux-gnu/7/../../../x86_64-linux-gnu -L/usr/lib/gcc/x86_64-linux-gnu/7/../../../../lib -L/lib/x86_64-linux-gnu -L/lib/../lib -L/usr/lib/x86_64-linux-gnu -L/usr/lib/../lib -L/usr/lib/gcc/x86_64-linux-gnu/7/../../.. CMakeFiles/cmTC_ca7a5.dir/CMakeCCompilerABI.c.o -lgcc --push-state --as-needed -lgcc_s --pop-state -lc -lgcc --push-state --as-needed -lgcc_s --pop-state /usr/lib/gcc/x86_64-linux-gnu/7/crtendS.o /usr/lib/gcc/x86_64-linux-gnu/7/../../../x86_64-linux-gnu/crtn.o
COLLECT_GCC_OPTIONS='-v' '-rdynamic' '-o' 'cmTC_ca7a5' '-mtune=generic' '-march=x86-64'
make[1]: ディレクトリ '/home/kento/robot03/build/joy_control/CMakeFiles/CMakeTmp' から出ます
>>>>>>> dev:build/joy_control/CMakeFiles/CMakeOutput.log


Parsed C implicit link information from above output:
  link line regex: [^( *|.*[/\])(ld|CMAKE_LINK_STARTFILE-NOTFOUND|([^/\]+-)?ld|collect2)[^/\]*( |$)]
<<<<<<< HEAD:build/custom_msgs/CMakeFiles/CMakeOutput.log
  ignore line: [Change Dir: /home/robot03/robot03/build/custom_msgs/CMakeFiles/CMakeTmp]
  ignore line: []
  ignore line: [Run Build Command:"/usr/bin/make" "cmTC_ef7c2/fast"]
  ignore line: [/usr/bin/make -f CMakeFiles/cmTC_ef7c2.dir/build.make CMakeFiles/cmTC_ef7c2.dir/build]
  ignore line: [make[1]: Entering directory '/home/robot03/robot03/build/custom_msgs/CMakeFiles/CMakeTmp']
  ignore line: [Building C object CMakeFiles/cmTC_ef7c2.dir/CMakeCCompilerABI.c.o]
  ignore line: [/usr/bin/cc    -o CMakeFiles/cmTC_ef7c2.dir/CMakeCCompilerABI.c.o   -c /usr/share/cmake-3.10/Modules/CMakeCCompilerABI.c]
  ignore line: [Linking C executable cmTC_ef7c2]
  ignore line: [/usr/bin/cmake -E cmake_link_script CMakeFiles/cmTC_ef7c2.dir/link.txt --verbose=1]
  ignore line: [/usr/bin/cc     -v -rdynamic CMakeFiles/cmTC_ef7c2.dir/CMakeCCompilerABI.c.o  -o cmTC_ef7c2 ]
=======
  ignore line: [Change Dir: /home/kento/robot03/build/joy_control/CMakeFiles/CMakeTmp]
  ignore line: []
  ignore line: [Run Build Command:"/usr/bin/make" "cmTC_ca7a5/fast"]
  ignore line: [/usr/bin/make -f CMakeFiles/cmTC_ca7a5.dir/build.make CMakeFiles/cmTC_ca7a5.dir/build]
  ignore line: [make[1]: ディレクトリ '/home/kento/robot03/build/joy_control/CMakeFiles/CMakeTmp' に入ります]
  ignore line: [Building C object CMakeFiles/cmTC_ca7a5.dir/CMakeCCompilerABI.c.o]
  ignore line: [/usr/bin/cc    -o CMakeFiles/cmTC_ca7a5.dir/CMakeCCompilerABI.c.o   -c /usr/share/cmake-3.10/Modules/CMakeCCompilerABI.c]
  ignore line: [Linking C executable cmTC_ca7a5]
  ignore line: [/usr/bin/cmake -E cmake_link_script CMakeFiles/cmTC_ca7a5.dir/link.txt --verbose=1]
  ignore line: [/usr/bin/cc     -v -rdynamic CMakeFiles/cmTC_ca7a5.dir/CMakeCCompilerABI.c.o  -o cmTC_ca7a5 ]
>>>>>>> dev:build/joy_control/CMakeFiles/CMakeOutput.log
  ignore line: [Using built-in specs.]
  ignore line: [COLLECT_GCC=/usr/bin/cc]
  ignore line: [COLLECT_LTO_WRAPPER=/usr/lib/gcc/arm-linux-gnueabihf/7/lto-wrapper]
  ignore line: [Target: arm-linux-gnueabihf]
  ignore line: [Configured with: ../src/configure -v --with-pkgversion='Ubuntu/Linaro 7.5.0-3ubuntu1~18.04' --with-bugurl=file:///usr/share/doc/gcc-7/README.Bugs --enable-languages=c,ada,c++,go,d,fortran,objc,obj-c++ --prefix=/usr --with-gcc-major-version-only --program-suffix=-7 --program-prefix=arm-linux-gnueabihf- --enable-shared --enable-linker-build-id --libexecdir=/usr/lib --without-included-gettext --enable-threads=posix --libdir=/usr/lib --enable-nls --enable-bootstrap --enable-clocale=gnu --enable-libstdcxx-debug --enable-libstdcxx-time=yes --with-default-libstdcxx-abi=new --enable-gnu-unique-object --disable-libitm --disable-libquadmath --disable-libquadmath-support --enable-plugin --enable-default-pie --with-system-zlib --with-target-system-zlib --enable-objc-gc=auto --enable-multiarch --enable-multilib --disable-sjlj-exceptions --with-arch=armv7-a --with-fpu=vfpv3-d16 --with-float=hard --with-mode=thumb --disable-werror --enable-multilib --enable-checking=release --build=arm-linux-gnueabihf --host=arm-linux-gnueabihf --target=arm-linux-gnueabihf]
  ignore line: [Thread model: posix]
<<<<<<< HEAD:build/custom_msgs/CMakeFiles/CMakeOutput.log
  ignore line: [gcc version 7.5.0 (Ubuntu/Linaro 7.5.0-3ubuntu1~18.04) ]
  ignore line: [COMPILER_PATH=/usr/lib/gcc/arm-linux-gnueabihf/7/:/usr/lib/gcc/arm-linux-gnueabihf/7/:/usr/lib/gcc/arm-linux-gnueabihf/:/usr/lib/gcc/arm-linux-gnueabihf/7/:/usr/lib/gcc/arm-linux-gnueabihf/]
  ignore line: [LIBRARY_PATH=/usr/lib/gcc/arm-linux-gnueabihf/7/:/usr/lib/gcc/arm-linux-gnueabihf/7/../../../arm-linux-gnueabihf/:/usr/lib/gcc/arm-linux-gnueabihf/7/../../../../lib/:/lib/arm-linux-gnueabihf/:/lib/../lib/:/usr/lib/arm-linux-gnueabihf/:/usr/lib/../lib/:/usr/lib/gcc/arm-linux-gnueabihf/7/../../../:/lib/:/usr/lib/]
  ignore line: [COLLECT_GCC_OPTIONS='-v' '-rdynamic' '-o' 'cmTC_ef7c2' '-march=armv7-a' '-mfloat-abi=hard' '-mfpu=vfpv3-d16' '-mthumb' '-mtls-dialect=gnu']
  link line: [ /usr/lib/gcc/arm-linux-gnueabihf/7/collect2 -plugin /usr/lib/gcc/arm-linux-gnueabihf/7/liblto_plugin.so -plugin-opt=/usr/lib/gcc/arm-linux-gnueabihf/7/lto-wrapper -plugin-opt=-fresolution=/tmp/cceCR43f.res -plugin-opt=-pass-through=-lgcc -plugin-opt=-pass-through=-lgcc_s -plugin-opt=-pass-through=-lc -plugin-opt=-pass-through=-lgcc -plugin-opt=-pass-through=-lgcc_s --build-id --eh-frame-hdr -export-dynamic -dynamic-linker /lib/ld-linux-armhf.so.3 -X --hash-style=gnu --as-needed -m armelf_linux_eabi -pie -z now -z relro -o cmTC_ef7c2 /usr/lib/gcc/arm-linux-gnueabihf/7/../../../arm-linux-gnueabihf/Scrt1.o /usr/lib/gcc/arm-linux-gnueabihf/7/../../../arm-linux-gnueabihf/crti.o /usr/lib/gcc/arm-linux-gnueabihf/7/crtbeginS.o -L/usr/lib/gcc/arm-linux-gnueabihf/7 -L/usr/lib/gcc/arm-linux-gnueabihf/7/../../../arm-linux-gnueabihf -L/usr/lib/gcc/arm-linux-gnueabihf/7/../../../../lib -L/lib/arm-linux-gnueabihf -L/lib/../lib -L/usr/lib/arm-linux-gnueabihf -L/usr/lib/../lib -L/usr/lib/gcc/arm-linux-gnueabihf/7/../../.. CMakeFiles/cmTC_ef7c2.dir/CMakeCCompilerABI.c.o -lgcc --push-state --as-needed -lgcc_s --pop-state -lc -lgcc --push-state --as-needed -lgcc_s --pop-state /usr/lib/gcc/arm-linux-gnueabihf/7/crtendS.o /usr/lib/gcc/arm-linux-gnueabihf/7/../../../arm-linux-gnueabihf/crtn.o]
    arg [/usr/lib/gcc/arm-linux-gnueabihf/7/collect2] ==> ignore
    arg [-plugin] ==> ignore
    arg [/usr/lib/gcc/arm-linux-gnueabihf/7/liblto_plugin.so] ==> ignore
    arg [-plugin-opt=/usr/lib/gcc/arm-linux-gnueabihf/7/lto-wrapper] ==> ignore
    arg [-plugin-opt=-fresolution=/tmp/cceCR43f.res] ==> ignore
=======
  ignore line: [gcc version 7.5.0 (Ubuntu 7.5.0-3ubuntu1~18.04) ]
  ignore line: [COMPILER_PATH=/usr/lib/gcc/x86_64-linux-gnu/7/:/usr/lib/gcc/x86_64-linux-gnu/7/:/usr/lib/gcc/x86_64-linux-gnu/:/usr/lib/gcc/x86_64-linux-gnu/7/:/usr/lib/gcc/x86_64-linux-gnu/]
  ignore line: [LIBRARY_PATH=/usr/lib/gcc/x86_64-linux-gnu/7/:/usr/lib/gcc/x86_64-linux-gnu/7/../../../x86_64-linux-gnu/:/usr/lib/gcc/x86_64-linux-gnu/7/../../../../lib/:/lib/x86_64-linux-gnu/:/lib/../lib/:/usr/lib/x86_64-linux-gnu/:/usr/lib/../lib/:/usr/lib/gcc/x86_64-linux-gnu/7/../../../:/lib/:/usr/lib/]
  ignore line: [COLLECT_GCC_OPTIONS='-v' '-rdynamic' '-o' 'cmTC_ca7a5' '-mtune=generic' '-march=x86-64']
  link line: [ /usr/lib/gcc/x86_64-linux-gnu/7/collect2 -plugin /usr/lib/gcc/x86_64-linux-gnu/7/liblto_plugin.so -plugin-opt=/usr/lib/gcc/x86_64-linux-gnu/7/lto-wrapper -plugin-opt=-fresolution=/tmp/ccMwz1jn.res -plugin-opt=-pass-through=-lgcc -plugin-opt=-pass-through=-lgcc_s -plugin-opt=-pass-through=-lc -plugin-opt=-pass-through=-lgcc -plugin-opt=-pass-through=-lgcc_s --build-id --eh-frame-hdr -m elf_x86_64 --hash-style=gnu --as-needed -export-dynamic -dynamic-linker /lib64/ld-linux-x86-64.so.2 -pie -z now -z relro -o cmTC_ca7a5 /usr/lib/gcc/x86_64-linux-gnu/7/../../../x86_64-linux-gnu/Scrt1.o /usr/lib/gcc/x86_64-linux-gnu/7/../../../x86_64-linux-gnu/crti.o /usr/lib/gcc/x86_64-linux-gnu/7/crtbeginS.o -L/usr/lib/gcc/x86_64-linux-gnu/7 -L/usr/lib/gcc/x86_64-linux-gnu/7/../../../x86_64-linux-gnu -L/usr/lib/gcc/x86_64-linux-gnu/7/../../../../lib -L/lib/x86_64-linux-gnu -L/lib/../lib -L/usr/lib/x86_64-linux-gnu -L/usr/lib/../lib -L/usr/lib/gcc/x86_64-linux-gnu/7/../../.. CMakeFiles/cmTC_ca7a5.dir/CMakeCCompilerABI.c.o -lgcc --push-state --as-needed -lgcc_s --pop-state -lc -lgcc --push-state --as-needed -lgcc_s --pop-state /usr/lib/gcc/x86_64-linux-gnu/7/crtendS.o /usr/lib/gcc/x86_64-linux-gnu/7/../../../x86_64-linux-gnu/crtn.o]
    arg [/usr/lib/gcc/x86_64-linux-gnu/7/collect2] ==> ignore
    arg [-plugin] ==> ignore
    arg [/usr/lib/gcc/x86_64-linux-gnu/7/liblto_plugin.so] ==> ignore
    arg [-plugin-opt=/usr/lib/gcc/x86_64-linux-gnu/7/lto-wrapper] ==> ignore
    arg [-plugin-opt=-fresolution=/tmp/ccMwz1jn.res] ==> ignore
>>>>>>> dev:build/joy_control/CMakeFiles/CMakeOutput.log
    arg [-plugin-opt=-pass-through=-lgcc] ==> ignore
    arg [-plugin-opt=-pass-through=-lgcc_s] ==> ignore
    arg [-plugin-opt=-pass-through=-lc] ==> ignore
    arg [-plugin-opt=-pass-through=-lgcc] ==> ignore
    arg [-plugin-opt=-pass-through=-lgcc_s] ==> ignore
    arg [--build-id] ==> ignore
    arg [--eh-frame-hdr] ==> ignore
    arg [-export-dynamic] ==> ignore
    arg [-dynamic-linker] ==> ignore
    arg [/lib/ld-linux-armhf.so.3] ==> ignore
    arg [-X] ==> ignore
    arg [--hash-style=gnu] ==> ignore
    arg [--as-needed] ==> ignore
    arg [-m] ==> ignore
    arg [armelf_linux_eabi] ==> ignore
    arg [-pie] ==> ignore
    arg [-znow] ==> ignore
    arg [-zrelro] ==> ignore
    arg [-o] ==> ignore
<<<<<<< HEAD:build/custom_msgs/CMakeFiles/CMakeOutput.log
    arg [cmTC_ef7c2] ==> ignore
    arg [/usr/lib/gcc/arm-linux-gnueabihf/7/../../../arm-linux-gnueabihf/Scrt1.o] ==> ignore
    arg [/usr/lib/gcc/arm-linux-gnueabihf/7/../../../arm-linux-gnueabihf/crti.o] ==> ignore
    arg [/usr/lib/gcc/arm-linux-gnueabihf/7/crtbeginS.o] ==> ignore
    arg [-L/usr/lib/gcc/arm-linux-gnueabihf/7] ==> dir [/usr/lib/gcc/arm-linux-gnueabihf/7]
    arg [-L/usr/lib/gcc/arm-linux-gnueabihf/7/../../../arm-linux-gnueabihf] ==> dir [/usr/lib/gcc/arm-linux-gnueabihf/7/../../../arm-linux-gnueabihf]
    arg [-L/usr/lib/gcc/arm-linux-gnueabihf/7/../../../../lib] ==> dir [/usr/lib/gcc/arm-linux-gnueabihf/7/../../../../lib]
    arg [-L/lib/arm-linux-gnueabihf] ==> dir [/lib/arm-linux-gnueabihf]
=======
    arg [cmTC_ca7a5] ==> ignore
    arg [/usr/lib/gcc/x86_64-linux-gnu/7/../../../x86_64-linux-gnu/Scrt1.o] ==> ignore
    arg [/usr/lib/gcc/x86_64-linux-gnu/7/../../../x86_64-linux-gnu/crti.o] ==> ignore
    arg [/usr/lib/gcc/x86_64-linux-gnu/7/crtbeginS.o] ==> ignore
    arg [-L/usr/lib/gcc/x86_64-linux-gnu/7] ==> dir [/usr/lib/gcc/x86_64-linux-gnu/7]
    arg [-L/usr/lib/gcc/x86_64-linux-gnu/7/../../../x86_64-linux-gnu] ==> dir [/usr/lib/gcc/x86_64-linux-gnu/7/../../../x86_64-linux-gnu]
    arg [-L/usr/lib/gcc/x86_64-linux-gnu/7/../../../../lib] ==> dir [/usr/lib/gcc/x86_64-linux-gnu/7/../../../../lib]
    arg [-L/lib/x86_64-linux-gnu] ==> dir [/lib/x86_64-linux-gnu]
>>>>>>> dev:build/joy_control/CMakeFiles/CMakeOutput.log
    arg [-L/lib/../lib] ==> dir [/lib/../lib]
    arg [-L/usr/lib/arm-linux-gnueabihf] ==> dir [/usr/lib/arm-linux-gnueabihf]
    arg [-L/usr/lib/../lib] ==> dir [/usr/lib/../lib]
<<<<<<< HEAD:build/custom_msgs/CMakeFiles/CMakeOutput.log
    arg [-L/usr/lib/gcc/arm-linux-gnueabihf/7/../../..] ==> dir [/usr/lib/gcc/arm-linux-gnueabihf/7/../../..]
    arg [CMakeFiles/cmTC_ef7c2.dir/CMakeCCompilerABI.c.o] ==> ignore
=======
    arg [-L/usr/lib/gcc/x86_64-linux-gnu/7/../../..] ==> dir [/usr/lib/gcc/x86_64-linux-gnu/7/../../..]
    arg [CMakeFiles/cmTC_ca7a5.dir/CMakeCCompilerABI.c.o] ==> ignore
>>>>>>> dev:build/joy_control/CMakeFiles/CMakeOutput.log
    arg [-lgcc] ==> lib [gcc]
    arg [--push-state] ==> ignore
    arg [--as-needed] ==> ignore
    arg [-lgcc_s] ==> lib [gcc_s]
    arg [--pop-state] ==> ignore
    arg [-lc] ==> lib [c]
    arg [-lgcc] ==> lib [gcc]
    arg [--push-state] ==> ignore
    arg [--as-needed] ==> ignore
    arg [-lgcc_s] ==> lib [gcc_s]
    arg [--pop-state] ==> ignore
    arg [/usr/lib/gcc/arm-linux-gnueabihf/7/crtendS.o] ==> ignore
    arg [/usr/lib/gcc/arm-linux-gnueabihf/7/../../../arm-linux-gnueabihf/crtn.o] ==> ignore
  collapse library dir [/usr/lib/gcc/arm-linux-gnueabihf/7] ==> [/usr/lib/gcc/arm-linux-gnueabihf/7]
  collapse library dir [/usr/lib/gcc/arm-linux-gnueabihf/7/../../../arm-linux-gnueabihf] ==> [/usr/lib/arm-linux-gnueabihf]
  collapse library dir [/usr/lib/gcc/arm-linux-gnueabihf/7/../../../../lib] ==> [/usr/lib]
  collapse library dir [/lib/arm-linux-gnueabihf] ==> [/lib/arm-linux-gnueabihf]
  collapse library dir [/lib/../lib] ==> [/lib]
  collapse library dir [/usr/lib/arm-linux-gnueabihf] ==> [/usr/lib/arm-linux-gnueabihf]
  collapse library dir [/usr/lib/../lib] ==> [/usr/lib]
  collapse library dir [/usr/lib/gcc/arm-linux-gnueabihf/7/../../..] ==> [/usr/lib]
  implicit libs: [gcc;gcc_s;c;gcc;gcc_s]
  implicit dirs: [/usr/lib/gcc/arm-linux-gnueabihf/7;/usr/lib/arm-linux-gnueabihf;/usr/lib;/lib/arm-linux-gnueabihf;/lib]
  implicit fwks: []




Detecting C [-std=c11] compiler features compiled with the following output:
<<<<<<< HEAD:build/custom_msgs/CMakeFiles/CMakeOutput.log
Change Dir: /home/robot03/robot03/build/custom_msgs/CMakeFiles/CMakeTmp

Run Build Command:"/usr/bin/make" "cmTC_c6d24/fast"
/usr/bin/make -f CMakeFiles/cmTC_c6d24.dir/build.make CMakeFiles/cmTC_c6d24.dir/build
make[1]: Entering directory '/home/robot03/robot03/build/custom_msgs/CMakeFiles/CMakeTmp'
Building C object CMakeFiles/cmTC_c6d24.dir/feature_tests.c.o
/usr/bin/cc   -std=c11 -o CMakeFiles/cmTC_c6d24.dir/feature_tests.c.o   -c /home/robot03/robot03/build/custom_msgs/CMakeFiles/feature_tests.c
Linking C executable cmTC_c6d24
/usr/bin/cmake -E cmake_link_script CMakeFiles/cmTC_c6d24.dir/link.txt --verbose=1
/usr/bin/cc      -rdynamic CMakeFiles/cmTC_c6d24.dir/feature_tests.c.o  -o cmTC_c6d24 
make[1]: Leaving directory '/home/robot03/robot03/build/custom_msgs/CMakeFiles/CMakeTmp'
=======
Change Dir: /home/kento/robot03/build/joy_control/CMakeFiles/CMakeTmp

Run Build Command:"/usr/bin/make" "cmTC_db756/fast"
/usr/bin/make -f CMakeFiles/cmTC_db756.dir/build.make CMakeFiles/cmTC_db756.dir/build
make[1]: ディレクトリ '/home/kento/robot03/build/joy_control/CMakeFiles/CMakeTmp' に入ります
Building C object CMakeFiles/cmTC_db756.dir/feature_tests.c.o
/usr/bin/cc   -std=c11 -o CMakeFiles/cmTC_db756.dir/feature_tests.c.o   -c /home/kento/robot03/build/joy_control/CMakeFiles/feature_tests.c
Linking C executable cmTC_db756
/usr/bin/cmake -E cmake_link_script CMakeFiles/cmTC_db756.dir/link.txt --verbose=1
/usr/bin/cc      -rdynamic CMakeFiles/cmTC_db756.dir/feature_tests.c.o  -o cmTC_db756 
make[1]: ディレクトリ '/home/kento/robot03/build/joy_control/CMakeFiles/CMakeTmp' から出ます
>>>>>>> dev:build/joy_control/CMakeFiles/CMakeOutput.log


    Feature record: C_FEATURE:1c_function_prototypes
    Feature record: C_FEATURE:1c_restrict
    Feature record: C_FEATURE:1c_static_assert
    Feature record: C_FEATURE:1c_variadic_macros


Detecting C [-std=c99] compiler features compiled with the following output:
<<<<<<< HEAD:build/custom_msgs/CMakeFiles/CMakeOutput.log
Change Dir: /home/robot03/robot03/build/custom_msgs/CMakeFiles/CMakeTmp

Run Build Command:"/usr/bin/make" "cmTC_8b454/fast"
/usr/bin/make -f CMakeFiles/cmTC_8b454.dir/build.make CMakeFiles/cmTC_8b454.dir/build
make[1]: Entering directory '/home/robot03/robot03/build/custom_msgs/CMakeFiles/CMakeTmp'
Building C object CMakeFiles/cmTC_8b454.dir/feature_tests.c.o
/usr/bin/cc   -std=c99 -o CMakeFiles/cmTC_8b454.dir/feature_tests.c.o   -c /home/robot03/robot03/build/custom_msgs/CMakeFiles/feature_tests.c
Linking C executable cmTC_8b454
/usr/bin/cmake -E cmake_link_script CMakeFiles/cmTC_8b454.dir/link.txt --verbose=1
/usr/bin/cc      -rdynamic CMakeFiles/cmTC_8b454.dir/feature_tests.c.o  -o cmTC_8b454 
make[1]: Leaving directory '/home/robot03/robot03/build/custom_msgs/CMakeFiles/CMakeTmp'
=======
Change Dir: /home/kento/robot03/build/joy_control/CMakeFiles/CMakeTmp

Run Build Command:"/usr/bin/make" "cmTC_562f3/fast"
/usr/bin/make -f CMakeFiles/cmTC_562f3.dir/build.make CMakeFiles/cmTC_562f3.dir/build
make[1]: ディレクトリ '/home/kento/robot03/build/joy_control/CMakeFiles/CMakeTmp' に入ります
Building C object CMakeFiles/cmTC_562f3.dir/feature_tests.c.o
/usr/bin/cc   -std=c99 -o CMakeFiles/cmTC_562f3.dir/feature_tests.c.o   -c /home/kento/robot03/build/joy_control/CMakeFiles/feature_tests.c
Linking C executable cmTC_562f3
/usr/bin/cmake -E cmake_link_script CMakeFiles/cmTC_562f3.dir/link.txt --verbose=1
/usr/bin/cc      -rdynamic CMakeFiles/cmTC_562f3.dir/feature_tests.c.o  -o cmTC_562f3 
make[1]: ディレクトリ '/home/kento/robot03/build/joy_control/CMakeFiles/CMakeTmp' から出ます
>>>>>>> dev:build/joy_control/CMakeFiles/CMakeOutput.log


    Feature record: C_FEATURE:1c_function_prototypes
    Feature record: C_FEATURE:1c_restrict
    Feature record: C_FEATURE:0c_static_assert
    Feature record: C_FEATURE:1c_variadic_macros


Detecting C [-std=c90] compiler features compiled with the following output:
<<<<<<< HEAD:build/custom_msgs/CMakeFiles/CMakeOutput.log
Change Dir: /home/robot03/robot03/build/custom_msgs/CMakeFiles/CMakeTmp

Run Build Command:"/usr/bin/make" "cmTC_f1de7/fast"
/usr/bin/make -f CMakeFiles/cmTC_f1de7.dir/build.make CMakeFiles/cmTC_f1de7.dir/build
make[1]: Entering directory '/home/robot03/robot03/build/custom_msgs/CMakeFiles/CMakeTmp'
Building C object CMakeFiles/cmTC_f1de7.dir/feature_tests.c.o
/usr/bin/cc   -std=c90 -o CMakeFiles/cmTC_f1de7.dir/feature_tests.c.o   -c /home/robot03/robot03/build/custom_msgs/CMakeFiles/feature_tests.c
Linking C executable cmTC_f1de7
/usr/bin/cmake -E cmake_link_script CMakeFiles/cmTC_f1de7.dir/link.txt --verbose=1
/usr/bin/cc      -rdynamic CMakeFiles/cmTC_f1de7.dir/feature_tests.c.o  -o cmTC_f1de7 
make[1]: Leaving directory '/home/robot03/robot03/build/custom_msgs/CMakeFiles/CMakeTmp'
=======
Change Dir: /home/kento/robot03/build/joy_control/CMakeFiles/CMakeTmp

Run Build Command:"/usr/bin/make" "cmTC_aa18e/fast"
/usr/bin/make -f CMakeFiles/cmTC_aa18e.dir/build.make CMakeFiles/cmTC_aa18e.dir/build
make[1]: ディレクトリ '/home/kento/robot03/build/joy_control/CMakeFiles/CMakeTmp' に入ります
Building C object CMakeFiles/cmTC_aa18e.dir/feature_tests.c.o
/usr/bin/cc   -std=c90 -o CMakeFiles/cmTC_aa18e.dir/feature_tests.c.o   -c /home/kento/robot03/build/joy_control/CMakeFiles/feature_tests.c
Linking C executable cmTC_aa18e
/usr/bin/cmake -E cmake_link_script CMakeFiles/cmTC_aa18e.dir/link.txt --verbose=1
/usr/bin/cc      -rdynamic CMakeFiles/cmTC_aa18e.dir/feature_tests.c.o  -o cmTC_aa18e 
make[1]: ディレクトリ '/home/kento/robot03/build/joy_control/CMakeFiles/CMakeTmp' から出ます
>>>>>>> dev:build/joy_control/CMakeFiles/CMakeOutput.log


    Feature record: C_FEATURE:1c_function_prototypes
    Feature record: C_FEATURE:0c_restrict
    Feature record: C_FEATURE:0c_static_assert
    Feature record: C_FEATURE:0c_variadic_macros
Determining if the CXX compiler works passed with the following output:
<<<<<<< HEAD:build/custom_msgs/CMakeFiles/CMakeOutput.log
Change Dir: /home/robot03/robot03/build/custom_msgs/CMakeFiles/CMakeTmp

Run Build Command:"/usr/bin/make" "cmTC_fb9a8/fast"
/usr/bin/make -f CMakeFiles/cmTC_fb9a8.dir/build.make CMakeFiles/cmTC_fb9a8.dir/build
make[1]: Entering directory '/home/robot03/robot03/build/custom_msgs/CMakeFiles/CMakeTmp'
Building CXX object CMakeFiles/cmTC_fb9a8.dir/testCXXCompiler.cxx.o
/usr/bin/c++     -o CMakeFiles/cmTC_fb9a8.dir/testCXXCompiler.cxx.o -c /home/robot03/robot03/build/custom_msgs/CMakeFiles/CMakeTmp/testCXXCompiler.cxx
Linking CXX executable cmTC_fb9a8
/usr/bin/cmake -E cmake_link_script CMakeFiles/cmTC_fb9a8.dir/link.txt --verbose=1
/usr/bin/c++       -rdynamic CMakeFiles/cmTC_fb9a8.dir/testCXXCompiler.cxx.o  -o cmTC_fb9a8 
make[1]: Leaving directory '/home/robot03/robot03/build/custom_msgs/CMakeFiles/CMakeTmp'


Detecting CXX compiler ABI info compiled with the following output:
Change Dir: /home/robot03/robot03/build/custom_msgs/CMakeFiles/CMakeTmp

Run Build Command:"/usr/bin/make" "cmTC_e34e9/fast"
/usr/bin/make -f CMakeFiles/cmTC_e34e9.dir/build.make CMakeFiles/cmTC_e34e9.dir/build
make[1]: Entering directory '/home/robot03/robot03/build/custom_msgs/CMakeFiles/CMakeTmp'
Building CXX object CMakeFiles/cmTC_e34e9.dir/CMakeCXXCompilerABI.cpp.o
/usr/bin/c++     -o CMakeFiles/cmTC_e34e9.dir/CMakeCXXCompilerABI.cpp.o -c /usr/share/cmake-3.10/Modules/CMakeCXXCompilerABI.cpp
Linking CXX executable cmTC_e34e9
/usr/bin/cmake -E cmake_link_script CMakeFiles/cmTC_e34e9.dir/link.txt --verbose=1
/usr/bin/c++      -v -rdynamic CMakeFiles/cmTC_e34e9.dir/CMakeCXXCompilerABI.cpp.o  -o cmTC_e34e9 
=======
Change Dir: /home/kento/robot03/build/joy_control/CMakeFiles/CMakeTmp

Run Build Command:"/usr/bin/make" "cmTC_46b7c/fast"
/usr/bin/make -f CMakeFiles/cmTC_46b7c.dir/build.make CMakeFiles/cmTC_46b7c.dir/build
make[1]: ディレクトリ '/home/kento/robot03/build/joy_control/CMakeFiles/CMakeTmp' に入ります
Building CXX object CMakeFiles/cmTC_46b7c.dir/testCXXCompiler.cxx.o
/usr/bin/c++     -o CMakeFiles/cmTC_46b7c.dir/testCXXCompiler.cxx.o -c /home/kento/robot03/build/joy_control/CMakeFiles/CMakeTmp/testCXXCompiler.cxx
Linking CXX executable cmTC_46b7c
/usr/bin/cmake -E cmake_link_script CMakeFiles/cmTC_46b7c.dir/link.txt --verbose=1
/usr/bin/c++       -rdynamic CMakeFiles/cmTC_46b7c.dir/testCXXCompiler.cxx.o  -o cmTC_46b7c 
make[1]: ディレクトリ '/home/kento/robot03/build/joy_control/CMakeFiles/CMakeTmp' から出ます


Detecting CXX compiler ABI info compiled with the following output:
Change Dir: /home/kento/robot03/build/joy_control/CMakeFiles/CMakeTmp

Run Build Command:"/usr/bin/make" "cmTC_b1b8d/fast"
/usr/bin/make -f CMakeFiles/cmTC_b1b8d.dir/build.make CMakeFiles/cmTC_b1b8d.dir/build
make[1]: ディレクトリ '/home/kento/robot03/build/joy_control/CMakeFiles/CMakeTmp' に入ります
Building CXX object CMakeFiles/cmTC_b1b8d.dir/CMakeCXXCompilerABI.cpp.o
/usr/bin/c++     -o CMakeFiles/cmTC_b1b8d.dir/CMakeCXXCompilerABI.cpp.o -c /usr/share/cmake-3.10/Modules/CMakeCXXCompilerABI.cpp
Linking CXX executable cmTC_b1b8d
/usr/bin/cmake -E cmake_link_script CMakeFiles/cmTC_b1b8d.dir/link.txt --verbose=1
/usr/bin/c++      -v -rdynamic CMakeFiles/cmTC_b1b8d.dir/CMakeCXXCompilerABI.cpp.o  -o cmTC_b1b8d 
>>>>>>> dev:build/joy_control/CMakeFiles/CMakeOutput.log
Using built-in specs.
COLLECT_GCC=/usr/bin/c++
COLLECT_LTO_WRAPPER=/usr/lib/gcc/arm-linux-gnueabihf/7/lto-wrapper
Target: arm-linux-gnueabihf
Configured with: ../src/configure -v --with-pkgversion='Ubuntu/Linaro 7.5.0-3ubuntu1~18.04' --with-bugurl=file:///usr/share/doc/gcc-7/README.Bugs --enable-languages=c,ada,c++,go,d,fortran,objc,obj-c++ --prefix=/usr --with-gcc-major-version-only --program-suffix=-7 --program-prefix=arm-linux-gnueabihf- --enable-shared --enable-linker-build-id --libexecdir=/usr/lib --without-included-gettext --enable-threads=posix --libdir=/usr/lib --enable-nls --enable-bootstrap --enable-clocale=gnu --enable-libstdcxx-debug --enable-libstdcxx-time=yes --with-default-libstdcxx-abi=new --enable-gnu-unique-object --disable-libitm --disable-libquadmath --disable-libquadmath-support --enable-plugin --enable-default-pie --with-system-zlib --with-target-system-zlib --enable-objc-gc=auto --enable-multiarch --enable-multilib --disable-sjlj-exceptions --with-arch=armv7-a --with-fpu=vfpv3-d16 --with-float=hard --with-mode=thumb --disable-werror --enable-multilib --enable-checking=release --build=arm-linux-gnueabihf --host=arm-linux-gnueabihf --target=arm-linux-gnueabihf
Thread model: posix
<<<<<<< HEAD:build/custom_msgs/CMakeFiles/CMakeOutput.log
gcc version 7.5.0 (Ubuntu/Linaro 7.5.0-3ubuntu1~18.04) 
COMPILER_PATH=/usr/lib/gcc/arm-linux-gnueabihf/7/:/usr/lib/gcc/arm-linux-gnueabihf/7/:/usr/lib/gcc/arm-linux-gnueabihf/:/usr/lib/gcc/arm-linux-gnueabihf/7/:/usr/lib/gcc/arm-linux-gnueabihf/
LIBRARY_PATH=/usr/lib/gcc/arm-linux-gnueabihf/7/:/usr/lib/gcc/arm-linux-gnueabihf/7/../../../arm-linux-gnueabihf/:/usr/lib/gcc/arm-linux-gnueabihf/7/../../../../lib/:/lib/arm-linux-gnueabihf/:/lib/../lib/:/usr/lib/arm-linux-gnueabihf/:/usr/lib/../lib/:/usr/lib/gcc/arm-linux-gnueabihf/7/../../../:/lib/:/usr/lib/
COLLECT_GCC_OPTIONS='-v' '-rdynamic' '-o' 'cmTC_e34e9' '-shared-libgcc' '-march=armv7-a' '-mfloat-abi=hard' '-mfpu=vfpv3-d16' '-mthumb' '-mtls-dialect=gnu'
 /usr/lib/gcc/arm-linux-gnueabihf/7/collect2 -plugin /usr/lib/gcc/arm-linux-gnueabihf/7/liblto_plugin.so -plugin-opt=/usr/lib/gcc/arm-linux-gnueabihf/7/lto-wrapper -plugin-opt=-fresolution=/tmp/ccIsB4Hg.res -plugin-opt=-pass-through=-lgcc_s -plugin-opt=-pass-through=-lgcc -plugin-opt=-pass-through=-lc -plugin-opt=-pass-through=-lgcc_s -plugin-opt=-pass-through=-lgcc --build-id --eh-frame-hdr -export-dynamic -dynamic-linker /lib/ld-linux-armhf.so.3 -X --hash-style=gnu --as-needed -m armelf_linux_eabi -pie -z now -z relro -o cmTC_e34e9 /usr/lib/gcc/arm-linux-gnueabihf/7/../../../arm-linux-gnueabihf/Scrt1.o /usr/lib/gcc/arm-linux-gnueabihf/7/../../../arm-linux-gnueabihf/crti.o /usr/lib/gcc/arm-linux-gnueabihf/7/crtbeginS.o -L/usr/lib/gcc/arm-linux-gnueabihf/7 -L/usr/lib/gcc/arm-linux-gnueabihf/7/../../../arm-linux-gnueabihf -L/usr/lib/gcc/arm-linux-gnueabihf/7/../../../../lib -L/lib/arm-linux-gnueabihf -L/lib/../lib -L/usr/lib/arm-linux-gnueabihf -L/usr/lib/../lib -L/usr/lib/gcc/arm-linux-gnueabihf/7/../../.. CMakeFiles/cmTC_e34e9.dir/CMakeCXXCompilerABI.cpp.o -lstdc++ -lm -lgcc_s -lgcc -lc -lgcc_s -lgcc /usr/lib/gcc/arm-linux-gnueabihf/7/crtendS.o /usr/lib/gcc/arm-linux-gnueabihf/7/../../../arm-linux-gnueabihf/crtn.o
COLLECT_GCC_OPTIONS='-v' '-rdynamic' '-o' 'cmTC_e34e9' '-shared-libgcc' '-march=armv7-a' '-mfloat-abi=hard' '-mfpu=vfpv3-d16' '-mthumb' '-mtls-dialect=gnu'
make[1]: Leaving directory '/home/robot03/robot03/build/custom_msgs/CMakeFiles/CMakeTmp'
=======
gcc version 7.5.0 (Ubuntu 7.5.0-3ubuntu1~18.04) 
COMPILER_PATH=/usr/lib/gcc/x86_64-linux-gnu/7/:/usr/lib/gcc/x86_64-linux-gnu/7/:/usr/lib/gcc/x86_64-linux-gnu/:/usr/lib/gcc/x86_64-linux-gnu/7/:/usr/lib/gcc/x86_64-linux-gnu/
LIBRARY_PATH=/usr/lib/gcc/x86_64-linux-gnu/7/:/usr/lib/gcc/x86_64-linux-gnu/7/../../../x86_64-linux-gnu/:/usr/lib/gcc/x86_64-linux-gnu/7/../../../../lib/:/lib/x86_64-linux-gnu/:/lib/../lib/:/usr/lib/x86_64-linux-gnu/:/usr/lib/../lib/:/usr/lib/gcc/x86_64-linux-gnu/7/../../../:/lib/:/usr/lib/
COLLECT_GCC_OPTIONS='-v' '-rdynamic' '-o' 'cmTC_b1b8d' '-shared-libgcc' '-mtune=generic' '-march=x86-64'
 /usr/lib/gcc/x86_64-linux-gnu/7/collect2 -plugin /usr/lib/gcc/x86_64-linux-gnu/7/liblto_plugin.so -plugin-opt=/usr/lib/gcc/x86_64-linux-gnu/7/lto-wrapper -plugin-opt=-fresolution=/tmp/ccvUQXcT.res -plugin-opt=-pass-through=-lgcc_s -plugin-opt=-pass-through=-lgcc -plugin-opt=-pass-through=-lc -plugin-opt=-pass-through=-lgcc_s -plugin-opt=-pass-through=-lgcc --build-id --eh-frame-hdr -m elf_x86_64 --hash-style=gnu --as-needed -export-dynamic -dynamic-linker /lib64/ld-linux-x86-64.so.2 -pie -z now -z relro -o cmTC_b1b8d /usr/lib/gcc/x86_64-linux-gnu/7/../../../x86_64-linux-gnu/Scrt1.o /usr/lib/gcc/x86_64-linux-gnu/7/../../../x86_64-linux-gnu/crti.o /usr/lib/gcc/x86_64-linux-gnu/7/crtbeginS.o -L/usr/lib/gcc/x86_64-linux-gnu/7 -L/usr/lib/gcc/x86_64-linux-gnu/7/../../../x86_64-linux-gnu -L/usr/lib/gcc/x86_64-linux-gnu/7/../../../../lib -L/lib/x86_64-linux-gnu -L/lib/../lib -L/usr/lib/x86_64-linux-gnu -L/usr/lib/../lib -L/usr/lib/gcc/x86_64-linux-gnu/7/../../.. CMakeFiles/cmTC_b1b8d.dir/CMakeCXXCompilerABI.cpp.o -lstdc++ -lm -lgcc_s -lgcc -lc -lgcc_s -lgcc /usr/lib/gcc/x86_64-linux-gnu/7/crtendS.o /usr/lib/gcc/x86_64-linux-gnu/7/../../../x86_64-linux-gnu/crtn.o
COLLECT_GCC_OPTIONS='-v' '-rdynamic' '-o' 'cmTC_b1b8d' '-shared-libgcc' '-mtune=generic' '-march=x86-64'
make[1]: ディレクトリ '/home/kento/robot03/build/joy_control/CMakeFiles/CMakeTmp' から出ます
>>>>>>> dev:build/joy_control/CMakeFiles/CMakeOutput.log


Parsed CXX implicit link information from above output:
  link line regex: [^( *|.*[/\])(ld|CMAKE_LINK_STARTFILE-NOTFOUND|([^/\]+-)?ld|collect2)[^/\]*( |$)]
<<<<<<< HEAD:build/custom_msgs/CMakeFiles/CMakeOutput.log
  ignore line: [Change Dir: /home/robot03/robot03/build/custom_msgs/CMakeFiles/CMakeTmp]
  ignore line: []
  ignore line: [Run Build Command:"/usr/bin/make" "cmTC_e34e9/fast"]
  ignore line: [/usr/bin/make -f CMakeFiles/cmTC_e34e9.dir/build.make CMakeFiles/cmTC_e34e9.dir/build]
  ignore line: [make[1]: Entering directory '/home/robot03/robot03/build/custom_msgs/CMakeFiles/CMakeTmp']
  ignore line: [Building CXX object CMakeFiles/cmTC_e34e9.dir/CMakeCXXCompilerABI.cpp.o]
  ignore line: [/usr/bin/c++     -o CMakeFiles/cmTC_e34e9.dir/CMakeCXXCompilerABI.cpp.o -c /usr/share/cmake-3.10/Modules/CMakeCXXCompilerABI.cpp]
  ignore line: [Linking CXX executable cmTC_e34e9]
  ignore line: [/usr/bin/cmake -E cmake_link_script CMakeFiles/cmTC_e34e9.dir/link.txt --verbose=1]
  ignore line: [/usr/bin/c++      -v -rdynamic CMakeFiles/cmTC_e34e9.dir/CMakeCXXCompilerABI.cpp.o  -o cmTC_e34e9 ]
=======
  ignore line: [Change Dir: /home/kento/robot03/build/joy_control/CMakeFiles/CMakeTmp]
  ignore line: []
  ignore line: [Run Build Command:"/usr/bin/make" "cmTC_b1b8d/fast"]
  ignore line: [/usr/bin/make -f CMakeFiles/cmTC_b1b8d.dir/build.make CMakeFiles/cmTC_b1b8d.dir/build]
  ignore line: [make[1]: ディレクトリ '/home/kento/robot03/build/joy_control/CMakeFiles/CMakeTmp' に入ります]
  ignore line: [Building CXX object CMakeFiles/cmTC_b1b8d.dir/CMakeCXXCompilerABI.cpp.o]
  ignore line: [/usr/bin/c++     -o CMakeFiles/cmTC_b1b8d.dir/CMakeCXXCompilerABI.cpp.o -c /usr/share/cmake-3.10/Modules/CMakeCXXCompilerABI.cpp]
  ignore line: [Linking CXX executable cmTC_b1b8d]
  ignore line: [/usr/bin/cmake -E cmake_link_script CMakeFiles/cmTC_b1b8d.dir/link.txt --verbose=1]
  ignore line: [/usr/bin/c++      -v -rdynamic CMakeFiles/cmTC_b1b8d.dir/CMakeCXXCompilerABI.cpp.o  -o cmTC_b1b8d ]
>>>>>>> dev:build/joy_control/CMakeFiles/CMakeOutput.log
  ignore line: [Using built-in specs.]
  ignore line: [COLLECT_GCC=/usr/bin/c++]
  ignore line: [COLLECT_LTO_WRAPPER=/usr/lib/gcc/arm-linux-gnueabihf/7/lto-wrapper]
  ignore line: [Target: arm-linux-gnueabihf]
  ignore line: [Configured with: ../src/configure -v --with-pkgversion='Ubuntu/Linaro 7.5.0-3ubuntu1~18.04' --with-bugurl=file:///usr/share/doc/gcc-7/README.Bugs --enable-languages=c,ada,c++,go,d,fortran,objc,obj-c++ --prefix=/usr --with-gcc-major-version-only --program-suffix=-7 --program-prefix=arm-linux-gnueabihf- --enable-shared --enable-linker-build-id --libexecdir=/usr/lib --without-included-gettext --enable-threads=posix --libdir=/usr/lib --enable-nls --enable-bootstrap --enable-clocale=gnu --enable-libstdcxx-debug --enable-libstdcxx-time=yes --with-default-libstdcxx-abi=new --enable-gnu-unique-object --disable-libitm --disable-libquadmath --disable-libquadmath-support --enable-plugin --enable-default-pie --with-system-zlib --with-target-system-zlib --enable-objc-gc=auto --enable-multiarch --enable-multilib --disable-sjlj-exceptions --with-arch=armv7-a --with-fpu=vfpv3-d16 --with-float=hard --with-mode=thumb --disable-werror --enable-multilib --enable-checking=release --build=arm-linux-gnueabihf --host=arm-linux-gnueabihf --target=arm-linux-gnueabihf]
  ignore line: [Thread model: posix]
<<<<<<< HEAD:build/custom_msgs/CMakeFiles/CMakeOutput.log
  ignore line: [gcc version 7.5.0 (Ubuntu/Linaro 7.5.0-3ubuntu1~18.04) ]
  ignore line: [COMPILER_PATH=/usr/lib/gcc/arm-linux-gnueabihf/7/:/usr/lib/gcc/arm-linux-gnueabihf/7/:/usr/lib/gcc/arm-linux-gnueabihf/:/usr/lib/gcc/arm-linux-gnueabihf/7/:/usr/lib/gcc/arm-linux-gnueabihf/]
  ignore line: [LIBRARY_PATH=/usr/lib/gcc/arm-linux-gnueabihf/7/:/usr/lib/gcc/arm-linux-gnueabihf/7/../../../arm-linux-gnueabihf/:/usr/lib/gcc/arm-linux-gnueabihf/7/../../../../lib/:/lib/arm-linux-gnueabihf/:/lib/../lib/:/usr/lib/arm-linux-gnueabihf/:/usr/lib/../lib/:/usr/lib/gcc/arm-linux-gnueabihf/7/../../../:/lib/:/usr/lib/]
  ignore line: [COLLECT_GCC_OPTIONS='-v' '-rdynamic' '-o' 'cmTC_e34e9' '-shared-libgcc' '-march=armv7-a' '-mfloat-abi=hard' '-mfpu=vfpv3-d16' '-mthumb' '-mtls-dialect=gnu']
  link line: [ /usr/lib/gcc/arm-linux-gnueabihf/7/collect2 -plugin /usr/lib/gcc/arm-linux-gnueabihf/7/liblto_plugin.so -plugin-opt=/usr/lib/gcc/arm-linux-gnueabihf/7/lto-wrapper -plugin-opt=-fresolution=/tmp/ccIsB4Hg.res -plugin-opt=-pass-through=-lgcc_s -plugin-opt=-pass-through=-lgcc -plugin-opt=-pass-through=-lc -plugin-opt=-pass-through=-lgcc_s -plugin-opt=-pass-through=-lgcc --build-id --eh-frame-hdr -export-dynamic -dynamic-linker /lib/ld-linux-armhf.so.3 -X --hash-style=gnu --as-needed -m armelf_linux_eabi -pie -z now -z relro -o cmTC_e34e9 /usr/lib/gcc/arm-linux-gnueabihf/7/../../../arm-linux-gnueabihf/Scrt1.o /usr/lib/gcc/arm-linux-gnueabihf/7/../../../arm-linux-gnueabihf/crti.o /usr/lib/gcc/arm-linux-gnueabihf/7/crtbeginS.o -L/usr/lib/gcc/arm-linux-gnueabihf/7 -L/usr/lib/gcc/arm-linux-gnueabihf/7/../../../arm-linux-gnueabihf -L/usr/lib/gcc/arm-linux-gnueabihf/7/../../../../lib -L/lib/arm-linux-gnueabihf -L/lib/../lib -L/usr/lib/arm-linux-gnueabihf -L/usr/lib/../lib -L/usr/lib/gcc/arm-linux-gnueabihf/7/../../.. CMakeFiles/cmTC_e34e9.dir/CMakeCXXCompilerABI.cpp.o -lstdc++ -lm -lgcc_s -lgcc -lc -lgcc_s -lgcc /usr/lib/gcc/arm-linux-gnueabihf/7/crtendS.o /usr/lib/gcc/arm-linux-gnueabihf/7/../../../arm-linux-gnueabihf/crtn.o]
    arg [/usr/lib/gcc/arm-linux-gnueabihf/7/collect2] ==> ignore
    arg [-plugin] ==> ignore
    arg [/usr/lib/gcc/arm-linux-gnueabihf/7/liblto_plugin.so] ==> ignore
    arg [-plugin-opt=/usr/lib/gcc/arm-linux-gnueabihf/7/lto-wrapper] ==> ignore
    arg [-plugin-opt=-fresolution=/tmp/ccIsB4Hg.res] ==> ignore
=======
  ignore line: [gcc version 7.5.0 (Ubuntu 7.5.0-3ubuntu1~18.04) ]
  ignore line: [COMPILER_PATH=/usr/lib/gcc/x86_64-linux-gnu/7/:/usr/lib/gcc/x86_64-linux-gnu/7/:/usr/lib/gcc/x86_64-linux-gnu/:/usr/lib/gcc/x86_64-linux-gnu/7/:/usr/lib/gcc/x86_64-linux-gnu/]
  ignore line: [LIBRARY_PATH=/usr/lib/gcc/x86_64-linux-gnu/7/:/usr/lib/gcc/x86_64-linux-gnu/7/../../../x86_64-linux-gnu/:/usr/lib/gcc/x86_64-linux-gnu/7/../../../../lib/:/lib/x86_64-linux-gnu/:/lib/../lib/:/usr/lib/x86_64-linux-gnu/:/usr/lib/../lib/:/usr/lib/gcc/x86_64-linux-gnu/7/../../../:/lib/:/usr/lib/]
  ignore line: [COLLECT_GCC_OPTIONS='-v' '-rdynamic' '-o' 'cmTC_b1b8d' '-shared-libgcc' '-mtune=generic' '-march=x86-64']
  link line: [ /usr/lib/gcc/x86_64-linux-gnu/7/collect2 -plugin /usr/lib/gcc/x86_64-linux-gnu/7/liblto_plugin.so -plugin-opt=/usr/lib/gcc/x86_64-linux-gnu/7/lto-wrapper -plugin-opt=-fresolution=/tmp/ccvUQXcT.res -plugin-opt=-pass-through=-lgcc_s -plugin-opt=-pass-through=-lgcc -plugin-opt=-pass-through=-lc -plugin-opt=-pass-through=-lgcc_s -plugin-opt=-pass-through=-lgcc --build-id --eh-frame-hdr -m elf_x86_64 --hash-style=gnu --as-needed -export-dynamic -dynamic-linker /lib64/ld-linux-x86-64.so.2 -pie -z now -z relro -o cmTC_b1b8d /usr/lib/gcc/x86_64-linux-gnu/7/../../../x86_64-linux-gnu/Scrt1.o /usr/lib/gcc/x86_64-linux-gnu/7/../../../x86_64-linux-gnu/crti.o /usr/lib/gcc/x86_64-linux-gnu/7/crtbeginS.o -L/usr/lib/gcc/x86_64-linux-gnu/7 -L/usr/lib/gcc/x86_64-linux-gnu/7/../../../x86_64-linux-gnu -L/usr/lib/gcc/x86_64-linux-gnu/7/../../../../lib -L/lib/x86_64-linux-gnu -L/lib/../lib -L/usr/lib/x86_64-linux-gnu -L/usr/lib/../lib -L/usr/lib/gcc/x86_64-linux-gnu/7/../../.. CMakeFiles/cmTC_b1b8d.dir/CMakeCXXCompilerABI.cpp.o -lstdc++ -lm -lgcc_s -lgcc -lc -lgcc_s -lgcc /usr/lib/gcc/x86_64-linux-gnu/7/crtendS.o /usr/lib/gcc/x86_64-linux-gnu/7/../../../x86_64-linux-gnu/crtn.o]
    arg [/usr/lib/gcc/x86_64-linux-gnu/7/collect2] ==> ignore
    arg [-plugin] ==> ignore
    arg [/usr/lib/gcc/x86_64-linux-gnu/7/liblto_plugin.so] ==> ignore
    arg [-plugin-opt=/usr/lib/gcc/x86_64-linux-gnu/7/lto-wrapper] ==> ignore
    arg [-plugin-opt=-fresolution=/tmp/ccvUQXcT.res] ==> ignore
>>>>>>> dev:build/joy_control/CMakeFiles/CMakeOutput.log
    arg [-plugin-opt=-pass-through=-lgcc_s] ==> ignore
    arg [-plugin-opt=-pass-through=-lgcc] ==> ignore
    arg [-plugin-opt=-pass-through=-lc] ==> ignore
    arg [-plugin-opt=-pass-through=-lgcc_s] ==> ignore
    arg [-plugin-opt=-pass-through=-lgcc] ==> ignore
    arg [--build-id] ==> ignore
    arg [--eh-frame-hdr] ==> ignore
    arg [-export-dynamic] ==> ignore
    arg [-dynamic-linker] ==> ignore
    arg [/lib/ld-linux-armhf.so.3] ==> ignore
    arg [-X] ==> ignore
    arg [--hash-style=gnu] ==> ignore
    arg [--as-needed] ==> ignore
    arg [-m] ==> ignore
    arg [armelf_linux_eabi] ==> ignore
    arg [-pie] ==> ignore
    arg [-znow] ==> ignore
    arg [-zrelro] ==> ignore
    arg [-o] ==> ignore
<<<<<<< HEAD:build/custom_msgs/CMakeFiles/CMakeOutput.log
    arg [cmTC_e34e9] ==> ignore
    arg [/usr/lib/gcc/arm-linux-gnueabihf/7/../../../arm-linux-gnueabihf/Scrt1.o] ==> ignore
    arg [/usr/lib/gcc/arm-linux-gnueabihf/7/../../../arm-linux-gnueabihf/crti.o] ==> ignore
    arg [/usr/lib/gcc/arm-linux-gnueabihf/7/crtbeginS.o] ==> ignore
    arg [-L/usr/lib/gcc/arm-linux-gnueabihf/7] ==> dir [/usr/lib/gcc/arm-linux-gnueabihf/7]
    arg [-L/usr/lib/gcc/arm-linux-gnueabihf/7/../../../arm-linux-gnueabihf] ==> dir [/usr/lib/gcc/arm-linux-gnueabihf/7/../../../arm-linux-gnueabihf]
    arg [-L/usr/lib/gcc/arm-linux-gnueabihf/7/../../../../lib] ==> dir [/usr/lib/gcc/arm-linux-gnueabihf/7/../../../../lib]
    arg [-L/lib/arm-linux-gnueabihf] ==> dir [/lib/arm-linux-gnueabihf]
=======
    arg [cmTC_b1b8d] ==> ignore
    arg [/usr/lib/gcc/x86_64-linux-gnu/7/../../../x86_64-linux-gnu/Scrt1.o] ==> ignore
    arg [/usr/lib/gcc/x86_64-linux-gnu/7/../../../x86_64-linux-gnu/crti.o] ==> ignore
    arg [/usr/lib/gcc/x86_64-linux-gnu/7/crtbeginS.o] ==> ignore
    arg [-L/usr/lib/gcc/x86_64-linux-gnu/7] ==> dir [/usr/lib/gcc/x86_64-linux-gnu/7]
    arg [-L/usr/lib/gcc/x86_64-linux-gnu/7/../../../x86_64-linux-gnu] ==> dir [/usr/lib/gcc/x86_64-linux-gnu/7/../../../x86_64-linux-gnu]
    arg [-L/usr/lib/gcc/x86_64-linux-gnu/7/../../../../lib] ==> dir [/usr/lib/gcc/x86_64-linux-gnu/7/../../../../lib]
    arg [-L/lib/x86_64-linux-gnu] ==> dir [/lib/x86_64-linux-gnu]
>>>>>>> dev:build/joy_control/CMakeFiles/CMakeOutput.log
    arg [-L/lib/../lib] ==> dir [/lib/../lib]
    arg [-L/usr/lib/arm-linux-gnueabihf] ==> dir [/usr/lib/arm-linux-gnueabihf]
    arg [-L/usr/lib/../lib] ==> dir [/usr/lib/../lib]
<<<<<<< HEAD:build/custom_msgs/CMakeFiles/CMakeOutput.log
    arg [-L/usr/lib/gcc/arm-linux-gnueabihf/7/../../..] ==> dir [/usr/lib/gcc/arm-linux-gnueabihf/7/../../..]
    arg [CMakeFiles/cmTC_e34e9.dir/CMakeCXXCompilerABI.cpp.o] ==> ignore
=======
    arg [-L/usr/lib/gcc/x86_64-linux-gnu/7/../../..] ==> dir [/usr/lib/gcc/x86_64-linux-gnu/7/../../..]
    arg [CMakeFiles/cmTC_b1b8d.dir/CMakeCXXCompilerABI.cpp.o] ==> ignore
>>>>>>> dev:build/joy_control/CMakeFiles/CMakeOutput.log
    arg [-lstdc++] ==> lib [stdc++]
    arg [-lm] ==> lib [m]
    arg [-lgcc_s] ==> lib [gcc_s]
    arg [-lgcc] ==> lib [gcc]
    arg [-lc] ==> lib [c]
    arg [-lgcc_s] ==> lib [gcc_s]
    arg [-lgcc] ==> lib [gcc]
    arg [/usr/lib/gcc/arm-linux-gnueabihf/7/crtendS.o] ==> ignore
    arg [/usr/lib/gcc/arm-linux-gnueabihf/7/../../../arm-linux-gnueabihf/crtn.o] ==> ignore
  collapse library dir [/usr/lib/gcc/arm-linux-gnueabihf/7] ==> [/usr/lib/gcc/arm-linux-gnueabihf/7]
  collapse library dir [/usr/lib/gcc/arm-linux-gnueabihf/7/../../../arm-linux-gnueabihf] ==> [/usr/lib/arm-linux-gnueabihf]
  collapse library dir [/usr/lib/gcc/arm-linux-gnueabihf/7/../../../../lib] ==> [/usr/lib]
  collapse library dir [/lib/arm-linux-gnueabihf] ==> [/lib/arm-linux-gnueabihf]
  collapse library dir [/lib/../lib] ==> [/lib]
  collapse library dir [/usr/lib/arm-linux-gnueabihf] ==> [/usr/lib/arm-linux-gnueabihf]
  collapse library dir [/usr/lib/../lib] ==> [/usr/lib]
  collapse library dir [/usr/lib/gcc/arm-linux-gnueabihf/7/../../..] ==> [/usr/lib]
  implicit libs: [stdc++;m;gcc_s;gcc;c;gcc_s;gcc]
  implicit dirs: [/usr/lib/gcc/arm-linux-gnueabihf/7;/usr/lib/arm-linux-gnueabihf;/usr/lib;/lib/arm-linux-gnueabihf;/lib]
  implicit fwks: []




Detecting CXX [-std=c++1z] compiler features compiled with the following output:
<<<<<<< HEAD:build/custom_msgs/CMakeFiles/CMakeOutput.log
Change Dir: /home/robot03/robot03/build/custom_msgs/CMakeFiles/CMakeTmp

Run Build Command:"/usr/bin/make" "cmTC_1e5ce/fast"
/usr/bin/make -f CMakeFiles/cmTC_1e5ce.dir/build.make CMakeFiles/cmTC_1e5ce.dir/build
make[1]: Entering directory '/home/robot03/robot03/build/custom_msgs/CMakeFiles/CMakeTmp'
Building CXX object CMakeFiles/cmTC_1e5ce.dir/feature_tests.cxx.o
/usr/bin/c++    -std=c++1z -o CMakeFiles/cmTC_1e5ce.dir/feature_tests.cxx.o -c /home/robot03/robot03/build/custom_msgs/CMakeFiles/feature_tests.cxx
Linking CXX executable cmTC_1e5ce
/usr/bin/cmake -E cmake_link_script CMakeFiles/cmTC_1e5ce.dir/link.txt --verbose=1
/usr/bin/c++       -rdynamic CMakeFiles/cmTC_1e5ce.dir/feature_tests.cxx.o  -o cmTC_1e5ce 
make[1]: Leaving directory '/home/robot03/robot03/build/custom_msgs/CMakeFiles/CMakeTmp'
=======
Change Dir: /home/kento/robot03/build/joy_control/CMakeFiles/CMakeTmp

Run Build Command:"/usr/bin/make" "cmTC_38b24/fast"
/usr/bin/make -f CMakeFiles/cmTC_38b24.dir/build.make CMakeFiles/cmTC_38b24.dir/build
make[1]: ディレクトリ '/home/kento/robot03/build/joy_control/CMakeFiles/CMakeTmp' に入ります
Building CXX object CMakeFiles/cmTC_38b24.dir/feature_tests.cxx.o
/usr/bin/c++    -std=c++1z -o CMakeFiles/cmTC_38b24.dir/feature_tests.cxx.o -c /home/kento/robot03/build/joy_control/CMakeFiles/feature_tests.cxx
Linking CXX executable cmTC_38b24
/usr/bin/cmake -E cmake_link_script CMakeFiles/cmTC_38b24.dir/link.txt --verbose=1
/usr/bin/c++       -rdynamic CMakeFiles/cmTC_38b24.dir/feature_tests.cxx.o  -o cmTC_38b24 
make[1]: ディレクトリ '/home/kento/robot03/build/joy_control/CMakeFiles/CMakeTmp' から出ます
>>>>>>> dev:build/joy_control/CMakeFiles/CMakeOutput.log


    Feature record: CXX_FEATURE:1cxx_aggregate_default_initializers
    Feature record: CXX_FEATURE:1cxx_alias_templates
    Feature record: CXX_FEATURE:1cxx_alignas
    Feature record: CXX_FEATURE:1cxx_alignof
    Feature record: CXX_FEATURE:1cxx_attributes
    Feature record: CXX_FEATURE:1cxx_attribute_deprecated
    Feature record: CXX_FEATURE:1cxx_auto_type
    Feature record: CXX_FEATURE:1cxx_binary_literals
    Feature record: CXX_FEATURE:1cxx_constexpr
    Feature record: CXX_FEATURE:1cxx_contextual_conversions
    Feature record: CXX_FEATURE:1cxx_decltype
    Feature record: CXX_FEATURE:1cxx_decltype_auto
    Feature record: CXX_FEATURE:1cxx_decltype_incomplete_return_types
    Feature record: CXX_FEATURE:1cxx_default_function_template_args
    Feature record: CXX_FEATURE:1cxx_defaulted_functions
    Feature record: CXX_FEATURE:1cxx_defaulted_move_initializers
    Feature record: CXX_FEATURE:1cxx_delegating_constructors
    Feature record: CXX_FEATURE:1cxx_deleted_functions
    Feature record: CXX_FEATURE:1cxx_digit_separators
    Feature record: CXX_FEATURE:1cxx_enum_forward_declarations
    Feature record: CXX_FEATURE:1cxx_explicit_conversions
    Feature record: CXX_FEATURE:1cxx_extended_friend_declarations
    Feature record: CXX_FEATURE:1cxx_extern_templates
    Feature record: CXX_FEATURE:1cxx_final
    Feature record: CXX_FEATURE:1cxx_func_identifier
    Feature record: CXX_FEATURE:1cxx_generalized_initializers
    Feature record: CXX_FEATURE:1cxx_generic_lambdas
    Feature record: CXX_FEATURE:1cxx_inheriting_constructors
    Feature record: CXX_FEATURE:1cxx_inline_namespaces
    Feature record: CXX_FEATURE:1cxx_lambdas
    Feature record: CXX_FEATURE:1cxx_lambda_init_captures
    Feature record: CXX_FEATURE:1cxx_local_type_template_args
    Feature record: CXX_FEATURE:1cxx_long_long_type
    Feature record: CXX_FEATURE:1cxx_noexcept
    Feature record: CXX_FEATURE:1cxx_nonstatic_member_init
    Feature record: CXX_FEATURE:1cxx_nullptr
    Feature record: CXX_FEATURE:1cxx_override
    Feature record: CXX_FEATURE:1cxx_range_for
    Feature record: CXX_FEATURE:1cxx_raw_string_literals
    Feature record: CXX_FEATURE:1cxx_reference_qualified_functions
    Feature record: CXX_FEATURE:1cxx_relaxed_constexpr
    Feature record: CXX_FEATURE:1cxx_return_type_deduction
    Feature record: CXX_FEATURE:1cxx_right_angle_brackets
    Feature record: CXX_FEATURE:1cxx_rvalue_references
    Feature record: CXX_FEATURE:1cxx_sizeof_member
    Feature record: CXX_FEATURE:1cxx_static_assert
    Feature record: CXX_FEATURE:1cxx_strong_enums
    Feature record: CXX_FEATURE:1cxx_template_template_parameters
    Feature record: CXX_FEATURE:1cxx_thread_local
    Feature record: CXX_FEATURE:1cxx_trailing_return_types
    Feature record: CXX_FEATURE:1cxx_unicode_literals
    Feature record: CXX_FEATURE:1cxx_uniform_initialization
    Feature record: CXX_FEATURE:1cxx_unrestricted_unions
    Feature record: CXX_FEATURE:1cxx_user_literals
    Feature record: CXX_FEATURE:1cxx_variable_templates
    Feature record: CXX_FEATURE:1cxx_variadic_macros
    Feature record: CXX_FEATURE:1cxx_variadic_templates


Detecting CXX [-std=c++14] compiler features compiled with the following output:
<<<<<<< HEAD:build/custom_msgs/CMakeFiles/CMakeOutput.log
Change Dir: /home/robot03/robot03/build/custom_msgs/CMakeFiles/CMakeTmp

Run Build Command:"/usr/bin/make" "cmTC_b3667/fast"
/usr/bin/make -f CMakeFiles/cmTC_b3667.dir/build.make CMakeFiles/cmTC_b3667.dir/build
make[1]: Entering directory '/home/robot03/robot03/build/custom_msgs/CMakeFiles/CMakeTmp'
Building CXX object CMakeFiles/cmTC_b3667.dir/feature_tests.cxx.o
/usr/bin/c++    -std=c++14 -o CMakeFiles/cmTC_b3667.dir/feature_tests.cxx.o -c /home/robot03/robot03/build/custom_msgs/CMakeFiles/feature_tests.cxx
Linking CXX executable cmTC_b3667
/usr/bin/cmake -E cmake_link_script CMakeFiles/cmTC_b3667.dir/link.txt --verbose=1
/usr/bin/c++       -rdynamic CMakeFiles/cmTC_b3667.dir/feature_tests.cxx.o  -o cmTC_b3667 
make[1]: Leaving directory '/home/robot03/robot03/build/custom_msgs/CMakeFiles/CMakeTmp'
=======
Change Dir: /home/kento/robot03/build/joy_control/CMakeFiles/CMakeTmp

Run Build Command:"/usr/bin/make" "cmTC_00606/fast"
/usr/bin/make -f CMakeFiles/cmTC_00606.dir/build.make CMakeFiles/cmTC_00606.dir/build
make[1]: ディレクトリ '/home/kento/robot03/build/joy_control/CMakeFiles/CMakeTmp' に入ります
Building CXX object CMakeFiles/cmTC_00606.dir/feature_tests.cxx.o
/usr/bin/c++    -std=c++14 -o CMakeFiles/cmTC_00606.dir/feature_tests.cxx.o -c /home/kento/robot03/build/joy_control/CMakeFiles/feature_tests.cxx
Linking CXX executable cmTC_00606
/usr/bin/cmake -E cmake_link_script CMakeFiles/cmTC_00606.dir/link.txt --verbose=1
/usr/bin/c++       -rdynamic CMakeFiles/cmTC_00606.dir/feature_tests.cxx.o  -o cmTC_00606 
make[1]: ディレクトリ '/home/kento/robot03/build/joy_control/CMakeFiles/CMakeTmp' から出ます
>>>>>>> dev:build/joy_control/CMakeFiles/CMakeOutput.log


    Feature record: CXX_FEATURE:1cxx_aggregate_default_initializers
    Feature record: CXX_FEATURE:1cxx_alias_templates
    Feature record: CXX_FEATURE:1cxx_alignas
    Feature record: CXX_FEATURE:1cxx_alignof
    Feature record: CXX_FEATURE:1cxx_attributes
    Feature record: CXX_FEATURE:1cxx_attribute_deprecated
    Feature record: CXX_FEATURE:1cxx_auto_type
    Feature record: CXX_FEATURE:1cxx_binary_literals
    Feature record: CXX_FEATURE:1cxx_constexpr
    Feature record: CXX_FEATURE:1cxx_contextual_conversions
    Feature record: CXX_FEATURE:1cxx_decltype
    Feature record: CXX_FEATURE:1cxx_decltype_auto
    Feature record: CXX_FEATURE:1cxx_decltype_incomplete_return_types
    Feature record: CXX_FEATURE:1cxx_default_function_template_args
    Feature record: CXX_FEATURE:1cxx_defaulted_functions
    Feature record: CXX_FEATURE:1cxx_defaulted_move_initializers
    Feature record: CXX_FEATURE:1cxx_delegating_constructors
    Feature record: CXX_FEATURE:1cxx_deleted_functions
    Feature record: CXX_FEATURE:1cxx_digit_separators
    Feature record: CXX_FEATURE:1cxx_enum_forward_declarations
    Feature record: CXX_FEATURE:1cxx_explicit_conversions
    Feature record: CXX_FEATURE:1cxx_extended_friend_declarations
    Feature record: CXX_FEATURE:1cxx_extern_templates
    Feature record: CXX_FEATURE:1cxx_final
    Feature record: CXX_FEATURE:1cxx_func_identifier
    Feature record: CXX_FEATURE:1cxx_generalized_initializers
    Feature record: CXX_FEATURE:1cxx_generic_lambdas
    Feature record: CXX_FEATURE:1cxx_inheriting_constructors
    Feature record: CXX_FEATURE:1cxx_inline_namespaces
    Feature record: CXX_FEATURE:1cxx_lambdas
    Feature record: CXX_FEATURE:1cxx_lambda_init_captures
    Feature record: CXX_FEATURE:1cxx_local_type_template_args
    Feature record: CXX_FEATURE:1cxx_long_long_type
    Feature record: CXX_FEATURE:1cxx_noexcept
    Feature record: CXX_FEATURE:1cxx_nonstatic_member_init
    Feature record: CXX_FEATURE:1cxx_nullptr
    Feature record: CXX_FEATURE:1cxx_override
    Feature record: CXX_FEATURE:1cxx_range_for
    Feature record: CXX_FEATURE:1cxx_raw_string_literals
    Feature record: CXX_FEATURE:1cxx_reference_qualified_functions
    Feature record: CXX_FEATURE:1cxx_relaxed_constexpr
    Feature record: CXX_FEATURE:1cxx_return_type_deduction
    Feature record: CXX_FEATURE:1cxx_right_angle_brackets
    Feature record: CXX_FEATURE:1cxx_rvalue_references
    Feature record: CXX_FEATURE:1cxx_sizeof_member
    Feature record: CXX_FEATURE:1cxx_static_assert
    Feature record: CXX_FEATURE:1cxx_strong_enums
    Feature record: CXX_FEATURE:1cxx_template_template_parameters
    Feature record: CXX_FEATURE:1cxx_thread_local
    Feature record: CXX_FEATURE:1cxx_trailing_return_types
    Feature record: CXX_FEATURE:1cxx_unicode_literals
    Feature record: CXX_FEATURE:1cxx_uniform_initialization
    Feature record: CXX_FEATURE:1cxx_unrestricted_unions
    Feature record: CXX_FEATURE:1cxx_user_literals
    Feature record: CXX_FEATURE:1cxx_variable_templates
    Feature record: CXX_FEATURE:1cxx_variadic_macros
    Feature record: CXX_FEATURE:1cxx_variadic_templates


Detecting CXX [-std=c++11] compiler features compiled with the following output:
<<<<<<< HEAD:build/custom_msgs/CMakeFiles/CMakeOutput.log
Change Dir: /home/robot03/robot03/build/custom_msgs/CMakeFiles/CMakeTmp

Run Build Command:"/usr/bin/make" "cmTC_25041/fast"
/usr/bin/make -f CMakeFiles/cmTC_25041.dir/build.make CMakeFiles/cmTC_25041.dir/build
make[1]: Entering directory '/home/robot03/robot03/build/custom_msgs/CMakeFiles/CMakeTmp'
Building CXX object CMakeFiles/cmTC_25041.dir/feature_tests.cxx.o
/usr/bin/c++    -std=c++11 -o CMakeFiles/cmTC_25041.dir/feature_tests.cxx.o -c /home/robot03/robot03/build/custom_msgs/CMakeFiles/feature_tests.cxx
Linking CXX executable cmTC_25041
/usr/bin/cmake -E cmake_link_script CMakeFiles/cmTC_25041.dir/link.txt --verbose=1
/usr/bin/c++       -rdynamic CMakeFiles/cmTC_25041.dir/feature_tests.cxx.o  -o cmTC_25041 
make[1]: Leaving directory '/home/robot03/robot03/build/custom_msgs/CMakeFiles/CMakeTmp'
=======
Change Dir: /home/kento/robot03/build/joy_control/CMakeFiles/CMakeTmp

Run Build Command:"/usr/bin/make" "cmTC_e4af8/fast"
/usr/bin/make -f CMakeFiles/cmTC_e4af8.dir/build.make CMakeFiles/cmTC_e4af8.dir/build
make[1]: ディレクトリ '/home/kento/robot03/build/joy_control/CMakeFiles/CMakeTmp' に入ります
Building CXX object CMakeFiles/cmTC_e4af8.dir/feature_tests.cxx.o
/usr/bin/c++    -std=c++11 -o CMakeFiles/cmTC_e4af8.dir/feature_tests.cxx.o -c /home/kento/robot03/build/joy_control/CMakeFiles/feature_tests.cxx
Linking CXX executable cmTC_e4af8
/usr/bin/cmake -E cmake_link_script CMakeFiles/cmTC_e4af8.dir/link.txt --verbose=1
/usr/bin/c++       -rdynamic CMakeFiles/cmTC_e4af8.dir/feature_tests.cxx.o  -o cmTC_e4af8 
make[1]: ディレクトリ '/home/kento/robot03/build/joy_control/CMakeFiles/CMakeTmp' から出ます
>>>>>>> dev:build/joy_control/CMakeFiles/CMakeOutput.log


    Feature record: CXX_FEATURE:0cxx_aggregate_default_initializers
    Feature record: CXX_FEATURE:1cxx_alias_templates
    Feature record: CXX_FEATURE:1cxx_alignas
    Feature record: CXX_FEATURE:1cxx_alignof
    Feature record: CXX_FEATURE:1cxx_attributes
    Feature record: CXX_FEATURE:0cxx_attribute_deprecated
    Feature record: CXX_FEATURE:1cxx_auto_type
    Feature record: CXX_FEATURE:0cxx_binary_literals
    Feature record: CXX_FEATURE:1cxx_constexpr
    Feature record: CXX_FEATURE:0cxx_contextual_conversions
    Feature record: CXX_FEATURE:1cxx_decltype
    Feature record: CXX_FEATURE:0cxx_decltype_auto
    Feature record: CXX_FEATURE:1cxx_decltype_incomplete_return_types
    Feature record: CXX_FEATURE:1cxx_default_function_template_args
    Feature record: CXX_FEATURE:1cxx_defaulted_functions
    Feature record: CXX_FEATURE:1cxx_defaulted_move_initializers
    Feature record: CXX_FEATURE:1cxx_delegating_constructors
    Feature record: CXX_FEATURE:1cxx_deleted_functions
    Feature record: CXX_FEATURE:0cxx_digit_separators
    Feature record: CXX_FEATURE:1cxx_enum_forward_declarations
    Feature record: CXX_FEATURE:1cxx_explicit_conversions
    Feature record: CXX_FEATURE:1cxx_extended_friend_declarations
    Feature record: CXX_FEATURE:1cxx_extern_templates
    Feature record: CXX_FEATURE:1cxx_final
    Feature record: CXX_FEATURE:1cxx_func_identifier
    Feature record: CXX_FEATURE:1cxx_generalized_initializers
    Feature record: CXX_FEATURE:0cxx_generic_lambdas
    Feature record: CXX_FEATURE:1cxx_inheriting_constructors
    Feature record: CXX_FEATURE:1cxx_inline_namespaces
    Feature record: CXX_FEATURE:1cxx_lambdas
    Feature record: CXX_FEATURE:0cxx_lambda_init_captures
    Feature record: CXX_FEATURE:1cxx_local_type_template_args
    Feature record: CXX_FEATURE:1cxx_long_long_type
    Feature record: CXX_FEATURE:1cxx_noexcept
    Feature record: CXX_FEATURE:1cxx_nonstatic_member_init
    Feature record: CXX_FEATURE:1cxx_nullptr
    Feature record: CXX_FEATURE:1cxx_override
    Feature record: CXX_FEATURE:1cxx_range_for
    Feature record: CXX_FEATURE:1cxx_raw_string_literals
    Feature record: CXX_FEATURE:1cxx_reference_qualified_functions
    Feature record: CXX_FEATURE:0cxx_relaxed_constexpr
    Feature record: CXX_FEATURE:0cxx_return_type_deduction
    Feature record: CXX_FEATURE:1cxx_right_angle_brackets
    Feature record: CXX_FEATURE:1cxx_rvalue_references
    Feature record: CXX_FEATURE:1cxx_sizeof_member
    Feature record: CXX_FEATURE:1cxx_static_assert
    Feature record: CXX_FEATURE:1cxx_strong_enums
    Feature record: CXX_FEATURE:1cxx_template_template_parameters
    Feature record: CXX_FEATURE:1cxx_thread_local
    Feature record: CXX_FEATURE:1cxx_trailing_return_types
    Feature record: CXX_FEATURE:1cxx_unicode_literals
    Feature record: CXX_FEATURE:1cxx_uniform_initialization
    Feature record: CXX_FEATURE:1cxx_unrestricted_unions
    Feature record: CXX_FEATURE:1cxx_user_literals
    Feature record: CXX_FEATURE:0cxx_variable_templates
    Feature record: CXX_FEATURE:1cxx_variadic_macros
    Feature record: CXX_FEATURE:1cxx_variadic_templates


Detecting CXX [-std=c++98] compiler features compiled with the following output:
<<<<<<< HEAD:build/custom_msgs/CMakeFiles/CMakeOutput.log
Change Dir: /home/robot03/robot03/build/custom_msgs/CMakeFiles/CMakeTmp

Run Build Command:"/usr/bin/make" "cmTC_a5dde/fast"
/usr/bin/make -f CMakeFiles/cmTC_a5dde.dir/build.make CMakeFiles/cmTC_a5dde.dir/build
make[1]: Entering directory '/home/robot03/robot03/build/custom_msgs/CMakeFiles/CMakeTmp'
Building CXX object CMakeFiles/cmTC_a5dde.dir/feature_tests.cxx.o
/usr/bin/c++    -std=c++98 -o CMakeFiles/cmTC_a5dde.dir/feature_tests.cxx.o -c /home/robot03/robot03/build/custom_msgs/CMakeFiles/feature_tests.cxx
Linking CXX executable cmTC_a5dde
/usr/bin/cmake -E cmake_link_script CMakeFiles/cmTC_a5dde.dir/link.txt --verbose=1
/usr/bin/c++       -rdynamic CMakeFiles/cmTC_a5dde.dir/feature_tests.cxx.o  -o cmTC_a5dde 
make[1]: Leaving directory '/home/robot03/robot03/build/custom_msgs/CMakeFiles/CMakeTmp'
=======
Change Dir: /home/kento/robot03/build/joy_control/CMakeFiles/CMakeTmp

Run Build Command:"/usr/bin/make" "cmTC_4776c/fast"
/usr/bin/make -f CMakeFiles/cmTC_4776c.dir/build.make CMakeFiles/cmTC_4776c.dir/build
make[1]: ディレクトリ '/home/kento/robot03/build/joy_control/CMakeFiles/CMakeTmp' に入ります
Building CXX object CMakeFiles/cmTC_4776c.dir/feature_tests.cxx.o
/usr/bin/c++    -std=c++98 -o CMakeFiles/cmTC_4776c.dir/feature_tests.cxx.o -c /home/kento/robot03/build/joy_control/CMakeFiles/feature_tests.cxx
Linking CXX executable cmTC_4776c
/usr/bin/cmake -E cmake_link_script CMakeFiles/cmTC_4776c.dir/link.txt --verbose=1
/usr/bin/c++       -rdynamic CMakeFiles/cmTC_4776c.dir/feature_tests.cxx.o  -o cmTC_4776c 
make[1]: ディレクトリ '/home/kento/robot03/build/joy_control/CMakeFiles/CMakeTmp' から出ます
>>>>>>> dev:build/joy_control/CMakeFiles/CMakeOutput.log


    Feature record: CXX_FEATURE:0cxx_aggregate_default_initializers
    Feature record: CXX_FEATURE:0cxx_alias_templates
    Feature record: CXX_FEATURE:0cxx_alignas
    Feature record: CXX_FEATURE:0cxx_alignof
    Feature record: CXX_FEATURE:0cxx_attributes
    Feature record: CXX_FEATURE:0cxx_attribute_deprecated
    Feature record: CXX_FEATURE:0cxx_auto_type
    Feature record: CXX_FEATURE:0cxx_binary_literals
    Feature record: CXX_FEATURE:0cxx_constexpr
    Feature record: CXX_FEATURE:0cxx_contextual_conversions
    Feature record: CXX_FEATURE:0cxx_decltype
    Feature record: CXX_FEATURE:0cxx_decltype_auto
    Feature record: CXX_FEATURE:0cxx_decltype_incomplete_return_types
    Feature record: CXX_FEATURE:0cxx_default_function_template_args
    Feature record: CXX_FEATURE:0cxx_defaulted_functions
    Feature record: CXX_FEATURE:0cxx_defaulted_move_initializers
    Feature record: CXX_FEATURE:0cxx_delegating_constructors
    Feature record: CXX_FEATURE:0cxx_deleted_functions
    Feature record: CXX_FEATURE:0cxx_digit_separators
    Feature record: CXX_FEATURE:0cxx_enum_forward_declarations
    Feature record: CXX_FEATURE:0cxx_explicit_conversions
    Feature record: CXX_FEATURE:0cxx_extended_friend_declarations
    Feature record: CXX_FEATURE:0cxx_extern_templates
    Feature record: CXX_FEATURE:0cxx_final
    Feature record: CXX_FEATURE:0cxx_func_identifier
    Feature record: CXX_FEATURE:0cxx_generalized_initializers
    Feature record: CXX_FEATURE:0cxx_generic_lambdas
    Feature record: CXX_FEATURE:0cxx_inheriting_constructors
    Feature record: CXX_FEATURE:0cxx_inline_namespaces
    Feature record: CXX_FEATURE:0cxx_lambdas
    Feature record: CXX_FEATURE:0cxx_lambda_init_captures
    Feature record: CXX_FEATURE:0cxx_local_type_template_args
    Feature record: CXX_FEATURE:0cxx_long_long_type
    Feature record: CXX_FEATURE:0cxx_noexcept
    Feature record: CXX_FEATURE:0cxx_nonstatic_member_init
    Feature record: CXX_FEATURE:0cxx_nullptr
    Feature record: CXX_FEATURE:0cxx_override
    Feature record: CXX_FEATURE:0cxx_range_for
    Feature record: CXX_FEATURE:0cxx_raw_string_literals
    Feature record: CXX_FEATURE:0cxx_reference_qualified_functions
    Feature record: CXX_FEATURE:0cxx_relaxed_constexpr
    Feature record: CXX_FEATURE:0cxx_return_type_deduction
    Feature record: CXX_FEATURE:0cxx_right_angle_brackets
    Feature record: CXX_FEATURE:0cxx_rvalue_references
    Feature record: CXX_FEATURE:0cxx_sizeof_member
    Feature record: CXX_FEATURE:0cxx_static_assert
    Feature record: CXX_FEATURE:0cxx_strong_enums
    Feature record: CXX_FEATURE:1cxx_template_template_parameters
    Feature record: CXX_FEATURE:0cxx_thread_local
    Feature record: CXX_FEATURE:0cxx_trailing_return_types
    Feature record: CXX_FEATURE:0cxx_unicode_literals
    Feature record: CXX_FEATURE:0cxx_uniform_initialization
    Feature record: CXX_FEATURE:0cxx_unrestricted_unions
    Feature record: CXX_FEATURE:0cxx_user_literals
    Feature record: CXX_FEATURE:0cxx_variable_templates
    Feature record: CXX_FEATURE:0cxx_variadic_macros
    Feature record: CXX_FEATURE:0cxx_variadic_templates
Determining if the include file pthread.h exists passed with the following output:
<<<<<<< HEAD:build/custom_msgs/CMakeFiles/CMakeOutput.log
Change Dir: /home/robot03/robot03/build/custom_msgs/CMakeFiles/CMakeTmp

Run Build Command:"/usr/bin/make" "cmTC_b2118/fast"
/usr/bin/make -f CMakeFiles/cmTC_b2118.dir/build.make CMakeFiles/cmTC_b2118.dir/build
make[1]: Entering directory '/home/robot03/robot03/build/custom_msgs/CMakeFiles/CMakeTmp'
Building C object CMakeFiles/cmTC_b2118.dir/CheckIncludeFile.c.o
/usr/bin/cc    -o CMakeFiles/cmTC_b2118.dir/CheckIncludeFile.c.o   -c /home/robot03/robot03/build/custom_msgs/CMakeFiles/CMakeTmp/CheckIncludeFile.c
Linking C executable cmTC_b2118
/usr/bin/cmake -E cmake_link_script CMakeFiles/cmTC_b2118.dir/link.txt --verbose=1
/usr/bin/cc      -rdynamic CMakeFiles/cmTC_b2118.dir/CheckIncludeFile.c.o  -o cmTC_b2118 
make[1]: Leaving directory '/home/robot03/robot03/build/custom_msgs/CMakeFiles/CMakeTmp'


Determining if the function pthread_create exists in the pthread passed with the following output:
Change Dir: /home/robot03/robot03/build/custom_msgs/CMakeFiles/CMakeTmp

Run Build Command:"/usr/bin/make" "cmTC_0d282/fast"
/usr/bin/make -f CMakeFiles/cmTC_0d282.dir/build.make CMakeFiles/cmTC_0d282.dir/build
make[1]: Entering directory '/home/robot03/robot03/build/custom_msgs/CMakeFiles/CMakeTmp'
Building C object CMakeFiles/cmTC_0d282.dir/CheckFunctionExists.c.o
/usr/bin/cc   -DCHECK_FUNCTION_EXISTS=pthread_create   -o CMakeFiles/cmTC_0d282.dir/CheckFunctionExists.c.o   -c /usr/share/cmake-3.10/Modules/CheckFunctionExists.c
Linking C executable cmTC_0d282
/usr/bin/cmake -E cmake_link_script CMakeFiles/cmTC_0d282.dir/link.txt --verbose=1
/usr/bin/cc  -DCHECK_FUNCTION_EXISTS=pthread_create    -rdynamic CMakeFiles/cmTC_0d282.dir/CheckFunctionExists.c.o  -o cmTC_0d282 -lpthread 
make[1]: Leaving directory '/home/robot03/robot03/build/custom_msgs/CMakeFiles/CMakeTmp'
=======
Change Dir: /home/kento/robot03/build/joy_control/CMakeFiles/CMakeTmp

Run Build Command:"/usr/bin/make" "cmTC_c3ca1/fast"
/usr/bin/make -f CMakeFiles/cmTC_c3ca1.dir/build.make CMakeFiles/cmTC_c3ca1.dir/build
make[1]: ディレクトリ '/home/kento/robot03/build/joy_control/CMakeFiles/CMakeTmp' に入ります
Building C object CMakeFiles/cmTC_c3ca1.dir/CheckIncludeFile.c.o
/usr/bin/cc    -o CMakeFiles/cmTC_c3ca1.dir/CheckIncludeFile.c.o   -c /home/kento/robot03/build/joy_control/CMakeFiles/CMakeTmp/CheckIncludeFile.c
Linking C executable cmTC_c3ca1
/usr/bin/cmake -E cmake_link_script CMakeFiles/cmTC_c3ca1.dir/link.txt --verbose=1
/usr/bin/cc      -rdynamic CMakeFiles/cmTC_c3ca1.dir/CheckIncludeFile.c.o  -o cmTC_c3ca1 
make[1]: ディレクトリ '/home/kento/robot03/build/joy_control/CMakeFiles/CMakeTmp' から出ます


Determining if the function pthread_create exists in the pthread passed with the following output:
Change Dir: /home/kento/robot03/build/joy_control/CMakeFiles/CMakeTmp

Run Build Command:"/usr/bin/make" "cmTC_dae8e/fast"
/usr/bin/make -f CMakeFiles/cmTC_dae8e.dir/build.make CMakeFiles/cmTC_dae8e.dir/build
make[1]: ディレクトリ '/home/kento/robot03/build/joy_control/CMakeFiles/CMakeTmp' に入ります
Building C object CMakeFiles/cmTC_dae8e.dir/CheckFunctionExists.c.o
/usr/bin/cc   -DCHECK_FUNCTION_EXISTS=pthread_create   -o CMakeFiles/cmTC_dae8e.dir/CheckFunctionExists.c.o   -c /usr/share/cmake-3.10/Modules/CheckFunctionExists.c
Linking C executable cmTC_dae8e
/usr/bin/cmake -E cmake_link_script CMakeFiles/cmTC_dae8e.dir/link.txt --verbose=1
/usr/bin/cc  -DCHECK_FUNCTION_EXISTS=pthread_create    -rdynamic CMakeFiles/cmTC_dae8e.dir/CheckFunctionExists.c.o  -o cmTC_dae8e -lpthread 
make[1]: ディレクトリ '/home/kento/robot03/build/joy_control/CMakeFiles/CMakeTmp' から出ます
>>>>>>> dev:build/joy_control/CMakeFiles/CMakeOutput.log


