Determining if the pthread_create exist failed with the following output:
Change Dir: /home/kento/robot03/build/robot03/CMakeFiles/CMakeTmp

Run Build Command:"/usr/bin/make" "cmTC_9f8ae/fast"
/usr/bin/make -f CMakeFiles/cmTC_9f8ae.dir/build.make CMakeFiles/cmTC_9f8ae.dir/build
make[1]: ディレクトリ '/home/kento/robot03/build/robot03/CMakeFiles/CMakeTmp' に入ります
Building C object CMakeFiles/cmTC_9f8ae.dir/CheckSymbolExists.c.o
/usr/bin/cc    -o CMakeFiles/cmTC_9f8ae.dir/CheckSymbolExists.c.o   -c /home/kento/robot03/build/robot03/CMakeFiles/CMakeTmp/CheckSymbolExists.c
Linking C executable cmTC_9f8ae
/usr/bin/cmake -E cmake_link_script CMakeFiles/cmTC_9f8ae.dir/link.txt --verbose=1
/usr/bin/cc      -rdynamic CMakeFiles/cmTC_9f8ae.dir/CheckSymbolExists.c.o  -o cmTC_9f8ae 
CMakeFiles/cmTC_9f8ae.dir/CheckSymbolExists.c.o: 関数 `main' 内:
CheckSymbolExists.c:(.text+0x1b): `pthread_create' に対する定義されていない参照です
collect2: error: ld returned 1 exit status
CMakeFiles/cmTC_9f8ae.dir/build.make:97: recipe for target 'cmTC_9f8ae' failed
make[1]: *** [cmTC_9f8ae] Error 1
make[1]: ディレクトリ '/home/kento/robot03/build/robot03/CMakeFiles/CMakeTmp' から出ます
Makefile:126: recipe for target 'cmTC_9f8ae/fast' failed
make: *** [cmTC_9f8ae/fast] Error 2

File /home/kento/robot03/build/robot03/CMakeFiles/CMakeTmp/CheckSymbolExists.c:
/* */
#include <pthread.h>

int main(int argc, char** argv)
{
  (void)argv;
#ifndef pthread_create
  return ((int*)(&pthread_create))[argc];
#else
  (void)argc;
  return 0;
#endif
}

Determining if the function pthread_create exists in the pthreads failed with the following output:
Change Dir: /home/kento/robot03/build/robot03/CMakeFiles/CMakeTmp

Run Build Command:"/usr/bin/make" "cmTC_35dc3/fast"
/usr/bin/make -f CMakeFiles/cmTC_35dc3.dir/build.make CMakeFiles/cmTC_35dc3.dir/build
make[1]: ディレクトリ '/home/kento/robot03/build/robot03/CMakeFiles/CMakeTmp' に入ります
Building C object CMakeFiles/cmTC_35dc3.dir/CheckFunctionExists.c.o
/usr/bin/cc   -DCHECK_FUNCTION_EXISTS=pthread_create   -o CMakeFiles/cmTC_35dc3.dir/CheckFunctionExists.c.o   -c /usr/share/cmake-3.10/Modules/CheckFunctionExists.c
Linking C executable cmTC_35dc3
/usr/bin/cmake -E cmake_link_script CMakeFiles/cmTC_35dc3.dir/link.txt --verbose=1
/usr/bin/cc  -DCHECK_FUNCTION_EXISTS=pthread_create    -rdynamic CMakeFiles/cmTC_35dc3.dir/CheckFunctionExists.c.o  -o cmTC_35dc3 -lpthreads 
/usr/bin/ld: -lpthreads が見つかりません
collect2: error: ld returned 1 exit status
CMakeFiles/cmTC_35dc3.dir/build.make:97: recipe for target 'cmTC_35dc3' failed
make[1]: *** [cmTC_35dc3] Error 1
make[1]: ディレクトリ '/home/kento/robot03/build/robot03/CMakeFiles/CMakeTmp' から出ます
Makefile:126: recipe for target 'cmTC_35dc3/fast' failed
make: *** [cmTC_35dc3/fast] Error 2


